<?xml version="1.0"?>
<!DOCTYPE coverage SYSTEM "http://cobertura.sourceforge.net/xml/coverage-04.dtd">

<coverage line-rate="0.9157245632065776" branch-rate="0.7359550561797753" lines-covered="891" lines-valid="973" branches-covered="131" branches-valid="178" complexity="1.3652173913043477" version="1.9.4.1" timestamp="1321564351972">
	<sources>
		<source>/scratch/hudson/workspace/OpenDataRennesApi/src/main/java</source>
		<source>--source</source>
	</sources>
	<packages>
		<package name="fr.ybo.opendata.rennes" line-rate="0.7627118644067796" branch-rate="0.6333333333333333" complexity="2.103448275862069">
			<classes>
				<class name="fr.ybo.opendata.rennes.Gtfs" filename="fr/ybo/opendata/rennes/Gtfs.java" line-rate="0.8409090909090909" branch-rate="0.875" complexity="2.8">
					<methods>
						<method name="&lt;clinit&gt;" signature="()V" line-rate="1.0" branch-rate="1.0">
							<lines>
								<line number="43" hits="1" branch="false"/>
							</lines>
						</method>
						<method name="&lt;init&gt;" signature="()V" line-rate="1.0" branch-rate="1.0">
							<lines>
								<line number="80" hits="2" branch="false"/>
								<line number="81" hits="2" branch="false"/>
								<line number="82" hits="2" branch="false"/>
							</lines>
						</method>
						<method name="getFeedInfo" signature="(Lfr/ybo/opendata/rennes/modele/gtfs/GtfsFile;)Ljava/util/List;" line-rate="0.7368421052631579" branch-rate="0.75">
							<lines>
								<line number="133" hits="1" branch="false"/>
								<line number="134" hits="1" branch="false"/>
								<line number="135" hits="1" branch="false"/>
								<line number="136" hits="1" branch="false"/>
								<line number="137" hits="1" branch="false"/>
								<line number="139" hits="1" branch="false"/>
								<line number="140" hits="4" branch="true" condition-coverage="50 % (1/2)">
									<conditions>
										<condition number="0" type="jump" coverage="50 %"/>
									</conditions>
								</line>
								<line number="141" hits="4" branch="true" condition-coverage="100 % (2/2)">
									<conditions>
										<condition number="0" type="jump" coverage="100 %"/>
									</conditions>
								</line>
								<line number="142" hits="1" branch="false"/>
								<line number="143" hits="1" branch="false"/>
								<line number="145" hits="3" branch="false"/>
								<line number="147" hits="0" branch="false"/>
								<line number="148" hits="0" branch="false"/>
								<line number="150" hits="0" branch="false"/>
								<line number="151" hits="1" branch="false"/>
								<line number="152" hits="0" branch="false"/>
								<line number="153" hits="1" branch="false"/>
								<line number="154" hits="0" branch="false"/>
								<line number="155" hits="1" branch="false"/>
							</lines>
						</method>
						<method name="getUpdates" signature="()Ljava/util/List;" line-rate="0.8333333333333334" branch-rate="1.0">
							<lines>
								<line number="95" hits="1" branch="false"/>
								<line number="97" hits="1" branch="false"/>
								<line number="99" hits="1" branch="false"/>
								<line number="100" hits="248" branch="true" condition-coverage="100 % (2/2)">
									<conditions>
										<condition number="0" type="jump" coverage="100 %"/>
									</conditions>
								</line>
								<line number="101" hits="247" branch="false"/>
								<line number="102" hits="247" branch="false"/>
								<line number="105" hits="1" branch="false"/>
								<line number="106" hits="1" branch="false"/>
								<line number="107" hits="0" branch="false"/>
								<line number="108" hits="0" branch="false"/>
								<line number="109" hits="1" branch="false"/>
								<line number="110" hits="1" branch="false"/>
							</lines>
						</method>
						<method name="setConnecteur" signature="(Lfr/ybo/opendata/rennes/util/Connecteur;)V" line-rate="1.0" branch-rate="1.0">
							<lines>
								<line number="85" hits="2" branch="false"/>
								<line number="86" hits="2" branch="false"/>
							</lines>
						</method>
						<method name="traiterLigne" signature="(Ljava/lang/String;Ljava/util/List;)V" line-rate="1.0" branch-rate="1.0">
							<lines>
								<line number="114" hits="247" branch="true" condition-coverage="100 % (2/2)">
									<conditions>
										<condition number="0" type="jump" coverage="100 %"/>
									</conditions>
								</line>
								<line number="115" hits="2" branch="false"/>
								<line number="118" hits="2" branch="false"/>
								<line number="119" hits="2" branch="false"/>
								<line number="120" hits="2" branch="false"/>
								<line number="121" hits="2" branch="false"/>
								<line number="123" hits="247" branch="false"/>
							</lines>
						</method>
					</methods>
					<lines>
						<line number="43" hits="1" branch="false"/>
						<line number="80" hits="2" branch="false"/>
						<line number="81" hits="2" branch="false"/>
						<line number="82" hits="2" branch="false"/>
						<line number="85" hits="2" branch="false"/>
						<line number="86" hits="2" branch="false"/>
						<line number="95" hits="1" branch="false"/>
						<line number="97" hits="1" branch="false"/>
						<line number="99" hits="1" branch="false"/>
						<line number="100" hits="248" branch="true" condition-coverage="100 % (2/2)">
							<conditions>
								<condition number="0" type="jump" coverage="100 %"/>
							</conditions>
						</line>
						<line number="101" hits="247" branch="false"/>
						<line number="102" hits="247" branch="false"/>
						<line number="105" hits="1" branch="false"/>
						<line number="106" hits="1" branch="false"/>
						<line number="107" hits="0" branch="false"/>
						<line number="108" hits="0" branch="false"/>
						<line number="109" hits="1" branch="false"/>
						<line number="110" hits="1" branch="false"/>
						<line number="114" hits="247" branch="true" condition-coverage="100 % (2/2)">
							<conditions>
								<condition number="0" type="jump" coverage="100 %"/>
							</conditions>
						</line>
						<line number="115" hits="2" branch="false"/>
						<line number="118" hits="2" branch="false"/>
						<line number="119" hits="2" branch="false"/>
						<line number="120" hits="2" branch="false"/>
						<line number="121" hits="2" branch="false"/>
						<line number="123" hits="247" branch="false"/>
						<line number="133" hits="1" branch="false"/>
						<line number="134" hits="1" branch="false"/>
						<line number="135" hits="1" branch="false"/>
						<line number="136" hits="1" branch="false"/>
						<line number="137" hits="1" branch="false"/>
						<line number="139" hits="1" branch="false"/>
						<line number="140" hits="4" branch="true" condition-coverage="50 % (1/2)">
							<conditions>
								<condition number="0" type="jump" coverage="50 %"/>
							</conditions>
						</line>
						<line number="141" hits="4" branch="true" condition-coverage="100 % (2/2)">
							<conditions>
								<condition number="0" type="jump" coverage="100 %"/>
							</conditions>
						</line>
						<line number="142" hits="1" branch="false"/>
						<line number="143" hits="1" branch="false"/>
						<line number="145" hits="3" branch="false"/>
						<line number="147" hits="0" branch="false"/>
						<line number="148" hits="0" branch="false"/>
						<line number="150" hits="0" branch="false"/>
						<line number="151" hits="1" branch="false"/>
						<line number="152" hits="0" branch="false"/>
						<line number="153" hits="1" branch="false"/>
						<line number="154" hits="0" branch="false"/>
						<line number="155" hits="1" branch="false"/>
					</lines>
				</class>
				<class name="fr.ybo.opendata.rennes.Keolis" filename="fr/ybo/opendata/rennes/Keolis.java" line-rate="0.7162162162162162" branch-rate="0.5454545454545454" complexity="1.9583333333333333">
					<methods>
						<method name="&lt;init&gt;" signature="(Ljava/lang/String;)V" line-rate="1.0" branch-rate="1.0">
							<lines>
								<line number="138" hits="13" branch="false"/>
								<line number="139" hits="13" branch="false"/>
								<line number="140" hits="13" branch="false"/>
								<line number="141" hits="13" branch="false"/>
							</lines>
						</method>
						<method name="appelKeolis" signature="(Ljava/lang/String;Lfr/ybo/opendata/rennes/sax/KeolisHandler;)Ljava/util/List;" line-rate="0.5" branch-rate="0.5">
							<lines>
								<line number="156" hits="17" branch="false"/>
								<line number="157" hits="17" branch="false"/>
								<line number="159" hits="17" branch="false"/>
								<line number="161" hits="17" branch="false"/>
								<line number="162" hits="17" branch="false"/>
								<line number="164" hits="0" branch="false"/>
								<line number="165" hits="17" branch="false"/>
								<line number="166" hits="0" branch="false"/>
								<line number="167" hits="17" branch="false"/>
								<line number="168" hits="0" branch="false"/>
								<line number="169" hits="0" branch="false"/>
								<line number="170" hits="0" branch="false"/>
								<line number="171" hits="0" branch="false"/>
								<line number="172" hits="0" branch="false"/>
								<line number="173" hits="0" branch="false"/>
								<line number="174" hits="0" branch="false"/>
								<line number="175" hits="17" branch="false"/>
								<line number="176" hits="17" branch="true" condition-coverage="50 % (3/6)">
									<conditions>
										<condition number="0" type="jump" coverage="50 %"/>
										<condition number="1" type="jump" coverage="50 %"/>
										<condition number="2" type="jump" coverage="50 %"/>
									</conditions>
								</line>
								<line number="177" hits="0" branch="false"/>
								<line number="179" hits="17" branch="false"/>
							</lines>
						</method>
						<method name="getAlerts" signature="()Ljava/util/List;" line-rate="1.0" branch-rate="1.0">
							<lines>
								<line number="189" hits="1" branch="false"/>
							</lines>
						</method>
						<method name="getEquipements" signature="()Ljava/util/List;" line-rate="1.0" branch-rate="1.0">
							<lines>
								<line number="293" hits="1" branch="false"/>
							</lines>
						</method>
						<method name="getEquipements" signature="(Ljava/lang/String;)Ljava/util/List;" line-rate="1.0" branch-rate="1.0">
							<lines>
								<line number="302" hits="1" branch="false"/>
							</lines>
						</method>
						<method name="getEquipementsStatus" signature="()Ljava/util/List;" line-rate="1.0" branch-rate="1.0">
							<lines>
								<line number="310" hits="1" branch="false"/>
							</lines>
						</method>
						<method name="getEquipementsStatus" signature="(Ljava/lang/String;)Lfr/ybo/opendata/rennes/modele/equipements/EquipementStatus;" line-rate="0.75" branch-rate="0.5">
							<lines>
								<line number="319" hits="1" branch="false"/>
								<line number="322" hits="1" branch="true" condition-coverage="50 % (1/2)">
									<conditions>
										<condition number="0" type="jump" coverage="50 %"/>
									</conditions>
								</line>
								<line number="323" hits="0" branch="false"/>
								<line number="325" hits="1" branch="false"/>
							</lines>
						</method>
						<method name="getEquipementsStatusByStation" signature="(Ljava/lang/String;)Ljava/util/List;" line-rate="1.0" branch-rate="1.0">
							<lines>
								<line number="334" hits="1" branch="false"/>
							</lines>
						</method>
						<method name="getLigne" signature="(Lfr/ybo/opendata/rennes/modele/bus/PictoSize;)Ljava/util/List;" line-rate="1.0" branch-rate="1.0">
							<lines>
								<line number="285" hits="1" branch="false"/>
							</lines>
						</method>
						<method name="getMetroStations" signature="()Ljava/util/List;" line-rate="1.0" branch-rate="1.0">
							<lines>
								<line number="344" hits="1" branch="false"/>
							</lines>
						</method>
						<method name="getMetroStationsStatus" signature="()Ljava/util/List;" line-rate="1.0" branch-rate="1.0">
							<lines>
								<line number="352" hits="1" branch="false"/>
							</lines>
						</method>
						<method name="getMetroStationsStatus" signature="(Ljava/lang/String;)Lfr/ybo/opendata/rennes/modele/metros/MetroStationStatus;" line-rate="0.75" branch-rate="0.5">
							<lines>
								<line number="361" hits="1" branch="false"/>
								<line number="364" hits="1" branch="true" condition-coverage="50 % (1/2)">
									<conditions>
										<condition number="0" type="jump" coverage="50 %"/>
									</conditions>
								</line>
								<line number="365" hits="0" branch="false"/>
								<line number="367" hits="1" branch="false"/>
							</lines>
						</method>
						<method name="getParkRelais" signature="()Ljava/util/List;" line-rate="1.0" branch-rate="1.0">
							<lines>
								<line number="268" hits="1" branch="false"/>
							</lines>
						</method>
						<method name="getPointDeVente" signature="()Ljava/util/List;" line-rate="1.0" branch-rate="1.0">
							<lines>
								<line number="276" hits="1" branch="false"/>
							</lines>
						</method>
						<method name="getQuartier" signature="(Ljava/lang/String;)Ljava/util/List;" line-rate="1.0" branch-rate="1.0">
							<lines>
								<line number="384" hits="1" branch="false"/>
							</lines>
						</method>
						<method name="getStation" signature="(Ljava/lang/String;)Ljava/util/List;" line-rate="1.0" branch-rate="1.0">
							<lines>
								<line number="200" hits="2" branch="false"/>
							</lines>
						</method>
						<method name="getStationByNumber" signature="(Ljava/lang/String;)Lfr/ybo/opendata/rennes/modele/velos/Station;" line-rate="0.0" branch-rate="0.0">
							<lines>
								<line number="211" hits="0" branch="false"/>
								<line number="212" hits="0" branch="false"/>
								<line number="213" hits="0" branch="true" condition-coverage="0 % (0/2)">
									<conditions>
										<condition number="0" type="jump" coverage="0 %"/>
									</conditions>
								</line>
								<line number="214" hits="0" branch="false"/>
								<line number="216" hits="0" branch="false"/>
							</lines>
						</method>
						<method name="getStationByNumbers" signature="(Ljava/util/Collection;)Ljava/util/List;" line-rate="0.75" branch-rate="0.625">
							<lines>
								<line number="228" hits="1" branch="false"/>
								<line number="229" hits="1" branch="true" condition-coverage="50 % (1/2)">
									<conditions>
										<condition number="0" type="jump" coverage="50 %"/>
									</conditions>
								</line>
								<line number="230" hits="0" branch="true" condition-coverage="0 % (0/2)">
									<conditions>
										<condition number="0" type="jump" coverage="0 %"/>
									</conditions>
								</line>
								<line number="231" hits="0" branch="false"/>
								<line number="234" hits="1" branch="true" condition-coverage="100 % (2/2)">
									<conditions>
										<condition number="0" type="jump" coverage="100 %"/>
									</conditions>
								</line>
								<line number="235" hits="2" branch="true" condition-coverage="100 % (2/2)">
									<conditions>
										<condition number="0" type="jump" coverage="100 %"/>
									</conditions>
								</line>
								<line number="236" hits="1" branch="false"/>
								<line number="240" hits="1" branch="false"/>
							</lines>
						</method>
						<method name="getStations" signature="()Ljava/util/List;" line-rate="1.0" branch-rate="1.0">
							<lines>
								<line number="250" hits="2" branch="false"/>
							</lines>
						</method>
						<method name="getStationsDistrict" signature="()Ljava/util/List;" line-rate="1.0" branch-rate="1.0">
							<lines>
								<line number="260" hits="1" branch="false"/>
							</lines>
						</method>
						<method name="getUrl" signature="(Ljava/lang/String;)Ljava/lang/String;" line-rate="1.0" branch-rate="1.0">
							<lines>
								<line number="396" hits="17" branch="false"/>
								<line number="397" hits="17" branch="false"/>
								<line number="398" hits="17" branch="false"/>
								<line number="399" hits="17" branch="false"/>
								<line number="400" hits="17" branch="false"/>
							</lines>
						</method>
						<method name="getUrl" signature="(Ljava/lang/String;[Lfr/ybo/opendata/rennes/modele/ParametreUrl;)Ljava/lang/String;" line-rate="0.7142857142857143" branch-rate="1.0">
							<lines>
								<line number="412" hits="6" branch="false"/>
								<line number="413" hits="16" branch="true" condition-coverage="100 % (2/2)">
									<conditions>
										<condition number="0" type="jump" coverage="100 %"/>
									</conditions>
								</line>
								<line number="416" hits="10" branch="false"/>
								<line number="417" hits="0" branch="false"/>
								<line number="418" hits="0" branch="false"/>
								<line number="419" hits="10" branch="false"/>
								<line number="421" hits="6" branch="false"/>
							</lines>
						</method>
						<method name="getVilles" signature="()Ljava/util/List;" line-rate="1.0" branch-rate="1.0">
							<lines>
								<line number="375" hits="1" branch="false"/>
							</lines>
						</method>
						<method name="setConnecteur" signature="(Lfr/ybo/opendata/rennes/util/Connecteur;)V" line-rate="1.0" branch-rate="1.0">
							<lines>
								<line number="130" hits="13" branch="false"/>
								<line number="131" hits="13" branch="false"/>
							</lines>
						</method>
					</methods>
					<lines>
						<line number="130" hits="13" branch="false"/>
						<line number="131" hits="13" branch="false"/>
						<line number="138" hits="13" branch="false"/>
						<line number="139" hits="13" branch="false"/>
						<line number="140" hits="13" branch="false"/>
						<line number="141" hits="13" branch="false"/>
						<line number="156" hits="17" branch="false"/>
						<line number="157" hits="17" branch="false"/>
						<line number="159" hits="17" branch="false"/>
						<line number="161" hits="17" branch="false"/>
						<line number="162" hits="17" branch="false"/>
						<line number="164" hits="0" branch="false"/>
						<line number="165" hits="17" branch="false"/>
						<line number="166" hits="0" branch="false"/>
						<line number="167" hits="17" branch="false"/>
						<line number="168" hits="0" branch="false"/>
						<line number="169" hits="0" branch="false"/>
						<line number="170" hits="0" branch="false"/>
						<line number="171" hits="0" branch="false"/>
						<line number="172" hits="0" branch="false"/>
						<line number="173" hits="0" branch="false"/>
						<line number="174" hits="0" branch="false"/>
						<line number="175" hits="17" branch="false"/>
						<line number="176" hits="17" branch="true" condition-coverage="50 % (3/6)">
							<conditions>
								<condition number="0" type="jump" coverage="50 %"/>
								<condition number="1" type="jump" coverage="50 %"/>
								<condition number="2" type="jump" coverage="50 %"/>
							</conditions>
						</line>
						<line number="177" hits="0" branch="false"/>
						<line number="179" hits="17" branch="false"/>
						<line number="189" hits="1" branch="false"/>
						<line number="200" hits="2" branch="false"/>
						<line number="211" hits="0" branch="false"/>
						<line number="212" hits="0" branch="false"/>
						<line number="213" hits="0" branch="true" condition-coverage="0 % (0/2)">
							<conditions>
								<condition number="0" type="jump" coverage="0 %"/>
							</conditions>
						</line>
						<line number="214" hits="0" branch="false"/>
						<line number="216" hits="0" branch="false"/>
						<line number="228" hits="1" branch="false"/>
						<line number="229" hits="1" branch="true" condition-coverage="50 % (1/2)">
							<conditions>
								<condition number="0" type="jump" coverage="50 %"/>
							</conditions>
						</line>
						<line number="230" hits="0" branch="true" condition-coverage="0 % (0/2)">
							<conditions>
								<condition number="0" type="jump" coverage="0 %"/>
							</conditions>
						</line>
						<line number="231" hits="0" branch="false"/>
						<line number="234" hits="1" branch="true" condition-coverage="100 % (2/2)">
							<conditions>
								<condition number="0" type="jump" coverage="100 %"/>
							</conditions>
						</line>
						<line number="235" hits="2" branch="true" condition-coverage="100 % (2/2)">
							<conditions>
								<condition number="0" type="jump" coverage="100 %"/>
							</conditions>
						</line>
						<line number="236" hits="1" branch="false"/>
						<line number="240" hits="1" branch="false"/>
						<line number="250" hits="2" branch="false"/>
						<line number="260" hits="1" branch="false"/>
						<line number="268" hits="1" branch="false"/>
						<line number="276" hits="1" branch="false"/>
						<line number="285" hits="1" branch="false"/>
						<line number="293" hits="1" branch="false"/>
						<line number="302" hits="1" branch="false"/>
						<line number="310" hits="1" branch="false"/>
						<line number="319" hits="1" branch="false"/>
						<line number="322" hits="1" branch="true" condition-coverage="50 % (1/2)">
							<conditions>
								<condition number="0" type="jump" coverage="50 %"/>
							</conditions>
						</line>
						<line number="323" hits="0" branch="false"/>
						<line number="325" hits="1" branch="false"/>
						<line number="334" hits="1" branch="false"/>
						<line number="344" hits="1" branch="false"/>
						<line number="352" hits="1" branch="false"/>
						<line number="361" hits="1" branch="false"/>
						<line number="364" hits="1" branch="true" condition-coverage="50 % (1/2)">
							<conditions>
								<condition number="0" type="jump" coverage="50 %"/>
							</conditions>
						</line>
						<line number="365" hits="0" branch="false"/>
						<line number="367" hits="1" branch="false"/>
						<line number="375" hits="1" branch="false"/>
						<line number="384" hits="1" branch="false"/>
						<line number="396" hits="17" branch="false"/>
						<line number="397" hits="17" branch="false"/>
						<line number="398" hits="17" branch="false"/>
						<line number="399" hits="17" branch="false"/>
						<line number="400" hits="17" branch="false"/>
						<line number="412" hits="6" branch="false"/>
						<line number="413" hits="16" branch="true" condition-coverage="100 % (2/2)">
							<conditions>
								<condition number="0" type="jump" coverage="100 %"/>
							</conditions>
						</line>
						<line number="416" hits="10" branch="false"/>
						<line number="417" hits="0" branch="false"/>
						<line number="418" hits="0" branch="false"/>
						<line number="419" hits="10" branch="false"/>
						<line number="421" hits="6" branch="false"/>
					</lines>
				</class>
			</classes>
		</package>
		<package name="fr.ybo.opendata.rennes.exceptions" line-rate="0.0" branch-rate="1.0" complexity="1.0">
			<classes>
				<class name="fr.ybo.opendata.rennes.exceptions.KeolisException" filename="fr/ybo/opendata/rennes/exceptions/KeolisException.java" line-rate="0.0" branch-rate="1.0" complexity="1.0">
					<methods>
						<method name="&lt;init&gt;" signature="(Ljava/lang/String;Ljava/lang/Throwable;)V" line-rate="0.0" branch-rate="1.0">
							<lines>
								<line number="35" hits="0" branch="false"/>
								<line number="36" hits="0" branch="false"/>
							</lines>
						</method>
					</methods>
					<lines>
						<line number="35" hits="0" branch="false"/>
						<line number="36" hits="0" branch="false"/>
					</lines>
				</class>
				<class name="fr.ybo.opendata.rennes.exceptions.KeolisReseauException" filename="fr/ybo/opendata/rennes/exceptions/KeolisReseauException.java" line-rate="0.0" branch-rate="1.0" complexity="1.0">
					<methods>
						<method name="&lt;init&gt;" signature="()V" line-rate="0.0" branch-rate="1.0">
							<lines>
								<line number="31" hits="0" branch="false"/>
								<line number="32" hits="0" branch="false"/>
							</lines>
						</method>
						<method name="&lt;init&gt;" signature="(Ljava/lang/Exception;)V" line-rate="0.0" branch-rate="1.0">
							<lines>
								<line number="39" hits="0" branch="false"/>
								<line number="40" hits="0" branch="false"/>
							</lines>
						</method>
					</methods>
					<lines>
						<line number="31" hits="0" branch="false"/>
						<line number="32" hits="0" branch="false"/>
						<line number="39" hits="0" branch="false"/>
						<line number="40" hits="0" branch="false"/>
					</lines>
				</class>
			</classes>
		</package>
		<package name="fr.ybo.opendata.rennes.modele" line-rate="0.95" branch-rate="1.0" complexity="1.1">
			<classes>
				<class name="fr.ybo.opendata.rennes.modele.Answer" filename="fr/ybo/opendata/rennes/modele/Answer.java" line-rate="1.0" branch-rate="1.0" complexity="1.3333333333333333">
					<methods>
						<method name="&lt;init&gt;" signature="()V" line-rate="1.0" branch-rate="1.0">
							<lines>
								<line number="25" hits="17" branch="false"/>
							</lines>
						</method>
						<method name="getData" signature="()Ljava/util/List;" line-rate="1.0" branch-rate="1.0">
							<lines>
								<line number="40" hits="53" branch="true" condition-coverage="100 % (2/2)">
									<conditions>
										<condition number="0" type="jump" coverage="100 %"/>
									</conditions>
								</line>
								<line number="41" hits="17" branch="false"/>
								<line number="43" hits="53" branch="false"/>
							</lines>
						</method>
						<method name="getStatus" signature="()Lfr/ybo/opendata/rennes/modele/StatusKeolis;" line-rate="1.0" branch-rate="1.0">
							<lines>
								<line number="52" hits="89" branch="false"/>
							</lines>
						</method>
						<method name="setStatus" signature="(Lfr/ybo/opendata/rennes/modele/StatusKeolis;)V" line-rate="1.0" branch-rate="1.0">
							<lines>
								<line number="61" hits="17" branch="false"/>
								<line number="62" hits="17" branch="false"/>
							</lines>
						</method>
					</methods>
					<lines>
						<line number="25" hits="17" branch="false"/>
						<line number="40" hits="53" branch="true" condition-coverage="100 % (2/2)">
							<conditions>
								<condition number="0" type="jump" coverage="100 %"/>
							</conditions>
						</line>
						<line number="41" hits="17" branch="false"/>
						<line number="43" hits="53" branch="false"/>
						<line number="52" hits="89" branch="false"/>
						<line number="61" hits="17" branch="false"/>
						<line number="62" hits="17" branch="false"/>
					</lines>
				</class>
				<class name="fr.ybo.opendata.rennes.modele.ParametreUrl" filename="fr/ybo/opendata/rennes/modele/ParametreUrl.java" line-rate="1.0" branch-rate="1.0" complexity="1.0">
					<methods>
						<method name="&lt;init&gt;" signature="(Ljava/lang/String;Ljava/lang/String;)V" line-rate="1.0" branch-rate="1.0">
							<lines>
								<line number="36" hits="10" branch="false"/>
								<line number="37" hits="10" branch="false"/>
								<line number="38" hits="10" branch="false"/>
								<line number="39" hits="10" branch="false"/>
							</lines>
						</method>
						<method name="getName" signature="()Ljava/lang/String;" line-rate="1.0" branch-rate="1.0">
							<lines>
								<line number="45" hits="10" branch="false"/>
							</lines>
						</method>
						<method name="getValue" signature="()Ljava/lang/String;" line-rate="1.0" branch-rate="1.0">
							<lines>
								<line number="52" hits="10" branch="false"/>
							</lines>
						</method>
					</methods>
					<lines>
						<line number="36" hits="10" branch="false"/>
						<line number="37" hits="10" branch="false"/>
						<line number="38" hits="10" branch="false"/>
						<line number="39" hits="10" branch="false"/>
						<line number="45" hits="10" branch="false"/>
						<line number="52" hits="10" branch="false"/>
					</lines>
				</class>
				<class name="fr.ybo.opendata.rennes.modele.StatusKeolis" filename="fr/ybo/opendata/rennes/modele/StatusKeolis.java" line-rate="0.8571428571428571" branch-rate="1.0" complexity="1.0">
					<methods>
						<method name="&lt;init&gt;" signature="()V" line-rate="1.0" branch-rate="1.0">
							<lines>
								<line number="21" hits="17" branch="false"/>
							</lines>
						</method>
						<method name="getCode" signature="()Ljava/lang/String;" line-rate="1.0" branch-rate="1.0">
							<lines>
								<line number="37" hits="17" branch="false"/>
							</lines>
						</method>
						<method name="getMessage" signature="()Ljava/lang/String;" line-rate="0.0" branch-rate="1.0">
							<lines>
								<line number="44" hits="0" branch="false"/>
							</lines>
						</method>
						<method name="setCode" signature="(Ljava/lang/String;)V" line-rate="1.0" branch-rate="1.0">
							<lines>
								<line number="51" hits="17" branch="false"/>
								<line number="52" hits="17" branch="false"/>
							</lines>
						</method>
						<method name="setMessage" signature="(Ljava/lang/String;)V" line-rate="1.0" branch-rate="1.0">
							<lines>
								<line number="58" hits="17" branch="false"/>
								<line number="59" hits="17" branch="false"/>
							</lines>
						</method>
					</methods>
					<lines>
						<line number="21" hits="17" branch="false"/>
						<line number="37" hits="17" branch="false"/>
						<line number="44" hits="0" branch="false"/>
						<line number="51" hits="17" branch="false"/>
						<line number="52" hits="17" branch="false"/>
						<line number="58" hits="17" branch="false"/>
						<line number="59" hits="17" branch="false"/>
					</lines>
				</class>
			</classes>
		</package>
		<package name="fr.ybo.opendata.rennes.modele.bus" line-rate="0.651685393258427" branch-rate="0.19444444444444445" complexity="1.7826086956521738">
			<classes>
				<class name="fr.ybo.opendata.rennes.modele.bus.Alert" filename="fr/ybo/opendata/rennes/modele/bus/Alert.java" line-rate="0.5571428571428572" branch-rate="0.19444444444444445" complexity="2.2">
					<methods>
						<method name="&lt;clinit&gt;" signature="()V" line-rate="1.0" branch-rate="1.0">
							<lines>
								<line number="217" hits="1" branch="false"/>
								<line number="220" hits="1" branch="false"/>
								<line number="221" hits="1" branch="false"/>
								<line number="222" hits="1" branch="false"/>
								<line number="223" hits="1" branch="false"/>
								<line number="224" hits="1" branch="false"/>
								<line number="225" hits="1" branch="false"/>
								<line number="226" hits="1" branch="false"/>
								<line number="227" hits="1" branch="false"/>
								<line number="228" hits="1" branch="false"/>
								<line number="229" hits="1" branch="false"/>
								<line number="230" hits="1" branch="false"/>
								<line number="231" hits="1" branch="false"/>
							</lines>
						</method>
						<method name="&lt;init&gt;" signature="()V" line-rate="1.0" branch-rate="1.0">
							<lines>
								<line number="30" hits="2" branch="false"/>
							</lines>
						</method>
						<method name="getDetail" signature="()Ljava/lang/String;" line-rate="1.0" branch-rate="1.0">
							<lines>
								<line number="134" hits="1" branch="false"/>
							</lines>
						</method>
						<method name="getDetailFormatte" signature="(Ljava/lang/Iterable;)Ljava/lang/String;" line-rate="0.0" branch-rate="0.0">
							<lines>
								<line number="169" hits="0" branch="false"/>
								<line number="170" hits="0" branch="true" condition-coverage="0 % (0/2)">
									<conditions>
										<condition number="0" type="jump" coverage="0 %"/>
									</conditions>
								</line>
								<line number="171" hits="0" branch="false"/>
								<line number="172" hits="0" branch="false"/>
								<line number="174" hits="0" branch="false"/>
								<line number="175" hits="0" branch="false"/>
								<line number="176" hits="0" branch="false"/>
								<line number="180" hits="0" branch="false"/>
								<line number="181" hits="0" branch="false"/>
								<line number="182" hits="0" branch="true" condition-coverage="0 % (0/2)">
									<conditions>
										<condition number="0" type="jump" coverage="0 %"/>
									</conditions>
								</line>
								<line number="184" hits="0" branch="true" condition-coverage="0 % (0/14)">
									<conditions>
										<condition number="0" type="jump" coverage="0 %"/>
										<condition number="1" type="jump" coverage="0 %"/>
										<condition number="2" type="jump" coverage="0 %"/>
										<condition number="3" type="jump" coverage="0 %"/>
										<condition number="4" type="jump" coverage="0 %"/>
										<condition number="5" type="jump" coverage="0 %"/>
										<condition number="6" type="jump" coverage="0 %"/>
									</conditions>
								</line>
								<line number="187" hits="0" branch="false"/>
								<line number="189" hits="0" branch="false"/>
								<line number="190" hits="0" branch="false"/>
								<line number="193" hits="0" branch="false"/>
								<line number="194" hits="0" branch="true" condition-coverage="0 % (0/2)">
									<conditions>
										<condition number="0" type="jump" coverage="0 %"/>
									</conditions>
								</line>
								<line number="195" hits="0" branch="false"/>
								<line number="199" hits="0" branch="false"/>
								<line number="200" hits="0" branch="false"/>
								<line number="201" hits="0" branch="true" condition-coverage="0 % (0/2)">
									<conditions>
										<condition number="0" type="jump" coverage="0 %"/>
									</conditions>
								</line>
								<line number="202" hits="0" branch="true" condition-coverage="0 % (0/2)">
									<conditions>
										<condition number="0" type="jump" coverage="0 %"/>
									</conditions>
								</line>
								<line number="203" hits="0" branch="false"/>
								<line number="205" hits="0" branch="false"/>
								<line number="206" hits="0" branch="true" condition-coverage="0 % (0/2)">
									<conditions>
										<condition number="0" type="jump" coverage="0 %"/>
									</conditions>
								</line>
								<line number="207" hits="0" branch="false"/>
								<line number="209" hits="0" branch="false"/>
								<line number="211" hits="0" branch="false"/>
							</lines>
						</method>
						<method name="getEndtime" signature="()Ljava/lang/String;" line-rate="1.0" branch-rate="1.0">
							<lines>
								<line number="96" hits="1" branch="false"/>
							</lines>
						</method>
						<method name="getLines" signature="()Ljava/util/List;" line-rate="1.0" branch-rate="1.0">
							<lines>
								<line number="110" hits="6" branch="true" condition-coverage="100 % (2/2)">
									<conditions>
										<condition number="0" type="jump" coverage="100 %"/>
									</conditions>
								</line>
								<line number="111" hits="2" branch="false"/>
								<line number="113" hits="6" branch="false"/>
							</lines>
						</method>
						<method name="getLink" signature="()Ljava/lang/String;" line-rate="0.0" branch-rate="1.0">
							<lines>
								<line number="148" hits="0" branch="false"/>
							</lines>
						</method>
						<method name="getStarttime" signature="()Ljava/lang/String;" line-rate="1.0" branch-rate="1.0">
							<lines>
								<line number="82" hits="1" branch="false"/>
							</lines>
						</method>
						<method name="getTitle" signature="()Ljava/lang/String;" line-rate="0.0" branch-rate="1.0">
							<lines>
								<line number="68" hits="0" branch="false"/>
							</lines>
						</method>
						<method name="getTitleFormate" signature="()Ljava/lang/CharSequence;" line-rate="0.75" branch-rate="0.625">
							<lines>
								<line number="248" hits="1" branch="false"/>
								<line number="249" hits="4" branch="true" condition-coverage="75 % (3/4)">
									<conditions>
										<condition number="0" type="jump" coverage="50 %"/>
										<condition number="1" type="jump" coverage="100 %"/>
									</conditions>
								</line>
								<line number="250" hits="3" branch="false"/>
								<line number="251" hits="3" branch="true" condition-coverage="50 % (1/2)">
									<conditions>
										<condition number="0" type="jump" coverage="50 %"/>
									</conditions>
								</line>
								<line number="252" hits="0" branch="false"/>
								<line number="253" hits="3" branch="true" condition-coverage="50 % (1/2)">
									<conditions>
										<condition number="0" type="jump" coverage="50 %"/>
									</conditions>
								</line>
								<line number="254" hits="0" branch="false"/>
								<line number="257" hits="1" branch="false"/>
							</lines>
						</method>
						<method name="isMajordisturbance" signature="()Z" line-rate="1.0" branch-rate="1.0">
							<lines>
								<line number="120" hits="2" branch="false"/>
							</lines>
						</method>
						<method name="setDetail" signature="(Ljava/lang/String;)V" line-rate="1.0" branch-rate="1.0">
							<lines>
								<line number="141" hits="2" branch="false"/>
								<line number="142" hits="2" branch="false"/>
							</lines>
						</method>
						<method name="setEndtime" signature="(Ljava/lang/String;)V" line-rate="1.0" branch-rate="1.0">
							<lines>
								<line number="103" hits="2" branch="false"/>
								<line number="104" hits="2" branch="false"/>
							</lines>
						</method>
						<method name="setLink" signature="(Ljava/lang/String;)V" line-rate="1.0" branch-rate="1.0">
							<lines>
								<line number="155" hits="2" branch="false"/>
								<line number="156" hits="2" branch="false"/>
							</lines>
						</method>
						<method name="setMajordisturbance" signature="(Z)V" line-rate="1.0" branch-rate="1.0">
							<lines>
								<line number="127" hits="2" branch="false"/>
								<line number="128" hits="2" branch="false"/>
							</lines>
						</method>
						<method name="setStarttime" signature="(Ljava/lang/String;)V" line-rate="1.0" branch-rate="1.0">
							<lines>
								<line number="89" hits="2" branch="false"/>
								<line number="90" hits="2" branch="false"/>
							</lines>
						</method>
						<method name="setTitle" signature="(Ljava/lang/String;)V" line-rate="1.0" branch-rate="1.0">
							<lines>
								<line number="75" hits="2" branch="false"/>
								<line number="76" hits="2" branch="false"/>
							</lines>
						</method>
					</methods>
					<lines>
						<line number="30" hits="2" branch="false"/>
						<line number="68" hits="0" branch="false"/>
						<line number="75" hits="2" branch="false"/>
						<line number="76" hits="2" branch="false"/>
						<line number="82" hits="1" branch="false"/>
						<line number="89" hits="2" branch="false"/>
						<line number="90" hits="2" branch="false"/>
						<line number="96" hits="1" branch="false"/>
						<line number="103" hits="2" branch="false"/>
						<line number="104" hits="2" branch="false"/>
						<line number="110" hits="6" branch="true" condition-coverage="100 % (2/2)">
							<conditions>
								<condition number="0" type="jump" coverage="100 %"/>
							</conditions>
						</line>
						<line number="111" hits="2" branch="false"/>
						<line number="113" hits="6" branch="false"/>
						<line number="120" hits="2" branch="false"/>
						<line number="127" hits="2" branch="false"/>
						<line number="128" hits="2" branch="false"/>
						<line number="134" hits="1" branch="false"/>
						<line number="141" hits="2" branch="false"/>
						<line number="142" hits="2" branch="false"/>
						<line number="148" hits="0" branch="false"/>
						<line number="155" hits="2" branch="false"/>
						<line number="156" hits="2" branch="false"/>
						<line number="169" hits="0" branch="false"/>
						<line number="170" hits="0" branch="true" condition-coverage="0 % (0/2)">
							<conditions>
								<condition number="0" type="jump" coverage="0 %"/>
							</conditions>
						</line>
						<line number="171" hits="0" branch="false"/>
						<line number="172" hits="0" branch="false"/>
						<line number="174" hits="0" branch="false"/>
						<line number="175" hits="0" branch="false"/>
						<line number="176" hits="0" branch="false"/>
						<line number="180" hits="0" branch="false"/>
						<line number="181" hits="0" branch="false"/>
						<line number="182" hits="0" branch="true" condition-coverage="0 % (0/2)">
							<conditions>
								<condition number="0" type="jump" coverage="0 %"/>
							</conditions>
						</line>
						<line number="184" hits="0" branch="true" condition-coverage="0 % (0/14)">
							<conditions>
								<condition number="0" type="jump" coverage="0 %"/>
								<condition number="1" type="jump" coverage="0 %"/>
								<condition number="2" type="jump" coverage="0 %"/>
								<condition number="3" type="jump" coverage="0 %"/>
								<condition number="4" type="jump" coverage="0 %"/>
								<condition number="5" type="jump" coverage="0 %"/>
								<condition number="6" type="jump" coverage="0 %"/>
							</conditions>
						</line>
						<line number="187" hits="0" branch="false"/>
						<line number="189" hits="0" branch="false"/>
						<line number="190" hits="0" branch="false"/>
						<line number="193" hits="0" branch="false"/>
						<line number="194" hits="0" branch="true" condition-coverage="0 % (0/2)">
							<conditions>
								<condition number="0" type="jump" coverage="0 %"/>
							</conditions>
						</line>
						<line number="195" hits="0" branch="false"/>
						<line number="199" hits="0" branch="false"/>
						<line number="200" hits="0" branch="false"/>
						<line number="201" hits="0" branch="true" condition-coverage="0 % (0/2)">
							<conditions>
								<condition number="0" type="jump" coverage="0 %"/>
							</conditions>
						</line>
						<line number="202" hits="0" branch="true" condition-coverage="0 % (0/2)">
							<conditions>
								<condition number="0" type="jump" coverage="0 %"/>
							</conditions>
						</line>
						<line number="203" hits="0" branch="false"/>
						<line number="205" hits="0" branch="false"/>
						<line number="206" hits="0" branch="true" condition-coverage="0 % (0/2)">
							<conditions>
								<condition number="0" type="jump" coverage="0 %"/>
							</conditions>
						</line>
						<line number="207" hits="0" branch="false"/>
						<line number="209" hits="0" branch="false"/>
						<line number="211" hits="0" branch="false"/>
						<line number="217" hits="1" branch="false"/>
						<line number="220" hits="1" branch="false"/>
						<line number="221" hits="1" branch="false"/>
						<line number="222" hits="1" branch="false"/>
						<line number="223" hits="1" branch="false"/>
						<line number="224" hits="1" branch="false"/>
						<line number="225" hits="1" branch="false"/>
						<line number="226" hits="1" branch="false"/>
						<line number="227" hits="1" branch="false"/>
						<line number="228" hits="1" branch="false"/>
						<line number="229" hits="1" branch="false"/>
						<line number="230" hits="1" branch="false"/>
						<line number="231" hits="1" branch="false"/>
						<line number="248" hits="1" branch="false"/>
						<line number="249" hits="4" branch="true" condition-coverage="75 % (3/4)">
							<conditions>
								<condition number="0" type="jump" coverage="50 %"/>
								<condition number="1" type="jump" coverage="100 %"/>
							</conditions>
						</line>
						<line number="250" hits="3" branch="false"/>
						<line number="251" hits="3" branch="true" condition-coverage="50 % (1/2)">
							<conditions>
								<condition number="0" type="jump" coverage="50 %"/>
							</conditions>
						</line>
						<line number="252" hits="0" branch="false"/>
						<line number="253" hits="3" branch="true" condition-coverage="50 % (1/2)">
							<conditions>
								<condition number="0" type="jump" coverage="50 %"/>
							</conditions>
						</line>
						<line number="254" hits="0" branch="false"/>
						<line number="257" hits="1" branch="false"/>
					</lines>
				</class>
				<class name="fr.ybo.opendata.rennes.modele.bus.LignePicto" filename="fr/ybo/opendata/rennes/modele/bus/LignePicto.java" line-rate="1.0" branch-rate="1.0" complexity="1.0">
					<methods>
						<method name="&lt;init&gt;" signature="()V" line-rate="1.0" branch-rate="1.0">
							<lines>
								<line number="20" hits="2" branch="false"/>
							</lines>
						</method>
						<method name="getName" signature="()Ljava/lang/String;" line-rate="1.0" branch-rate="1.0">
							<lines>
								<line number="39" hits="2" branch="false"/>
							</lines>
						</method>
						<method name="getPicto" signature="()Ljava/lang/String;" line-rate="1.0" branch-rate="1.0">
							<lines>
								<line number="53" hits="2" branch="false"/>
							</lines>
						</method>
						<method name="getPictoUrl" signature="()Ljava/lang/String;" line-rate="1.0" branch-rate="1.0">
							<lines>
								<line number="67" hits="2" branch="false"/>
							</lines>
						</method>
						<method name="setName" signature="(Ljava/lang/String;)V" line-rate="1.0" branch-rate="1.0">
							<lines>
								<line number="46" hits="2" branch="false"/>
								<line number="47" hits="2" branch="false"/>
							</lines>
						</method>
						<method name="setPicto" signature="(Ljava/lang/String;)V" line-rate="1.0" branch-rate="1.0">
							<lines>
								<line number="60" hits="2" branch="false"/>
								<line number="61" hits="2" branch="false"/>
							</lines>
						</method>
						<method name="setPictoUrl" signature="(Ljava/lang/String;)V" line-rate="1.0" branch-rate="1.0">
							<lines>
								<line number="74" hits="2" branch="false"/>
								<line number="75" hits="2" branch="false"/>
							</lines>
						</method>
					</methods>
					<lines>
						<line number="20" hits="2" branch="false"/>
						<line number="39" hits="2" branch="false"/>
						<line number="46" hits="2" branch="false"/>
						<line number="47" hits="2" branch="false"/>
						<line number="53" hits="2" branch="false"/>
						<line number="60" hits="2" branch="false"/>
						<line number="61" hits="2" branch="false"/>
						<line number="67" hits="2" branch="false"/>
						<line number="74" hits="2" branch="false"/>
						<line number="75" hits="2" branch="false"/>
					</lines>
				</class>
				<class name="fr.ybo.opendata.rennes.modele.bus.PictoSize" filename="fr/ybo/opendata/rennes/modele/bus/PictoSize.java" line-rate="1.0" branch-rate="1.0" complexity="1.0">
					<methods>
						<method name="&lt;clinit&gt;" signature="()V" line-rate="1.0" branch-rate="1.0">
							<lines>
								<line number="20" hits="1" branch="false"/>
								<line number="24" hits="1" branch="false"/>
								<line number="28" hits="1" branch="false"/>
								<line number="32" hits="1" branch="false"/>
								<line number="36" hits="1" branch="false"/>
							</lines>
						</method>
						<method name="&lt;init&gt;" signature="(Ljava/lang/String;II)V" line-rate="1.0" branch-rate="1.0">
							<lines>
								<line number="47" hits="4" branch="false"/>
								<line number="48" hits="4" branch="false"/>
								<line number="49" hits="4" branch="false"/>
							</lines>
						</method>
						<method name="getSize" signature="()I" line-rate="1.0" branch-rate="1.0">
							<lines>
								<line number="55" hits="1" branch="false"/>
							</lines>
						</method>
						<method name="valueOf" signature="(Ljava/lang/String;)Lfr/ybo/opendata/rennes/modele/bus/PictoSize;" line-rate="1.0" branch-rate="1.0">
							<lines>
							</lines>
						</method>
						<method name="values" signature="()[Lfr/ybo/opendata/rennes/modele/bus/PictoSize;" line-rate="1.0" branch-rate="1.0">
							<lines>
							</lines>
						</method>
					</methods>
					<lines>
						<line number="20" hits="1" branch="false"/>
						<line number="24" hits="1" branch="false"/>
						<line number="28" hits="1" branch="false"/>
						<line number="32" hits="1" branch="false"/>
						<line number="36" hits="1" branch="false"/>
						<line number="47" hits="4" branch="false"/>
						<line number="48" hits="4" branch="false"/>
						<line number="49" hits="4" branch="false"/>
						<line number="55" hits="1" branch="false"/>
					</lines>
				</class>
			</classes>
		</package>
		<package name="fr.ybo.opendata.rennes.modele.equipements" line-rate="1.0" branch-rate="1.0" complexity="1.0">
			<classes>
				<class name="fr.ybo.opendata.rennes.modele.equipements.Equipement" filename="fr/ybo/opendata/rennes/modele/equipements/Equipement.java" line-rate="1.0" branch-rate="1.0" complexity="1.0">
					<methods>
						<method name="&lt;init&gt;" signature="()V" line-rate="1.0" branch-rate="1.0">
							<lines>
								<line number="20" hits="4" branch="false"/>
							</lines>
						</method>
						<method name="getEtageArrivee" signature="()I" line-rate="1.0" branch-rate="1.0">
							<lines>
								<line number="110" hits="1" branch="false"/>
							</lines>
						</method>
						<method name="getEtageDepart" signature="()I" line-rate="1.0" branch-rate="1.0">
							<lines>
								<line number="96" hits="1" branch="false"/>
							</lines>
						</method>
						<method name="getId" signature="()Ljava/lang/String;" line-rate="1.0" branch-rate="1.0">
							<lines>
								<line number="54" hits="1" branch="false"/>
							</lines>
						</method>
						<method name="getLastUpdate" signature="()Ljava/lang/String;" line-rate="1.0" branch-rate="1.0">
							<lines>
								<line number="138" hits="1" branch="false"/>
							</lines>
						</method>
						<method name="getPlateform" signature="()I" line-rate="1.0" branch-rate="1.0">
							<lines>
								<line number="124" hits="1" branch="false"/>
							</lines>
						</method>
						<method name="getStation" signature="()Ljava/lang/String;" line-rate="1.0" branch-rate="1.0">
							<lines>
								<line number="68" hits="1" branch="false"/>
							</lines>
						</method>
						<method name="getType" signature="()Lfr/ybo/opendata/rennes/modele/equipements/TypeEquipement;" line-rate="1.0" branch-rate="1.0">
							<lines>
								<line number="82" hits="2" branch="false"/>
							</lines>
						</method>
						<method name="setEtageArrivee" signature="(I)V" line-rate="1.0" branch-rate="1.0">
							<lines>
								<line number="117" hits="4" branch="false"/>
								<line number="118" hits="4" branch="false"/>
							</lines>
						</method>
						<method name="setEtageDepart" signature="(I)V" line-rate="1.0" branch-rate="1.0">
							<lines>
								<line number="103" hits="4" branch="false"/>
								<line number="104" hits="4" branch="false"/>
							</lines>
						</method>
						<method name="setId" signature="(Ljava/lang/String;)V" line-rate="1.0" branch-rate="1.0">
							<lines>
								<line number="61" hits="4" branch="false"/>
								<line number="62" hits="4" branch="false"/>
							</lines>
						</method>
						<method name="setLastUpdate" signature="(Ljava/lang/String;)V" line-rate="1.0" branch-rate="1.0">
							<lines>
								<line number="145" hits="4" branch="false"/>
								<line number="146" hits="4" branch="false"/>
							</lines>
						</method>
						<method name="setPlateform" signature="(I)V" line-rate="1.0" branch-rate="1.0">
							<lines>
								<line number="131" hits="4" branch="false"/>
								<line number="132" hits="4" branch="false"/>
							</lines>
						</method>
						<method name="setStation" signature="(Ljava/lang/String;)V" line-rate="1.0" branch-rate="1.0">
							<lines>
								<line number="75" hits="4" branch="false"/>
								<line number="76" hits="4" branch="false"/>
							</lines>
						</method>
						<method name="setType" signature="(Lfr/ybo/opendata/rennes/modele/equipements/TypeEquipement;)V" line-rate="1.0" branch-rate="1.0">
							<lines>
								<line number="89" hits="4" branch="false"/>
								<line number="90" hits="4" branch="false"/>
							</lines>
						</method>
					</methods>
					<lines>
						<line number="20" hits="4" branch="false"/>
						<line number="54" hits="1" branch="false"/>
						<line number="61" hits="4" branch="false"/>
						<line number="62" hits="4" branch="false"/>
						<line number="68" hits="1" branch="false"/>
						<line number="75" hits="4" branch="false"/>
						<line number="76" hits="4" branch="false"/>
						<line number="82" hits="2" branch="false"/>
						<line number="89" hits="4" branch="false"/>
						<line number="90" hits="4" branch="false"/>
						<line number="96" hits="1" branch="false"/>
						<line number="103" hits="4" branch="false"/>
						<line number="104" hits="4" branch="false"/>
						<line number="110" hits="1" branch="false"/>
						<line number="117" hits="4" branch="false"/>
						<line number="118" hits="4" branch="false"/>
						<line number="124" hits="1" branch="false"/>
						<line number="131" hits="4" branch="false"/>
						<line number="132" hits="4" branch="false"/>
						<line number="138" hits="1" branch="false"/>
						<line number="145" hits="4" branch="false"/>
						<line number="146" hits="4" branch="false"/>
					</lines>
				</class>
				<class name="fr.ybo.opendata.rennes.modele.equipements.EquipementStatus" filename="fr/ybo/opendata/rennes/modele/equipements/EquipementStatus.java" line-rate="1.0" branch-rate="1.0" complexity="1.0">
					<methods>
						<method name="&lt;init&gt;" signature="()V" line-rate="1.0" branch-rate="1.0">
							<lines>
								<line number="20" hits="6" branch="false"/>
							</lines>
						</method>
						<method name="getId" signature="()Ljava/lang/String;" line-rate="1.0" branch-rate="1.0">
							<lines>
								<line number="38" hits="1" branch="false"/>
							</lines>
						</method>
						<method name="getLastUpdate" signature="()Ljava/lang/String;" line-rate="1.0" branch-rate="1.0">
							<lines>
								<line number="66" hits="1" branch="false"/>
							</lines>
						</method>
						<method name="isOn" signature="()Z" line-rate="1.0" branch-rate="1.0">
							<lines>
								<line number="52" hits="2" branch="false"/>
							</lines>
						</method>
						<method name="setId" signature="(Ljava/lang/String;)V" line-rate="1.0" branch-rate="1.0">
							<lines>
								<line number="45" hits="6" branch="false"/>
								<line number="46" hits="6" branch="false"/>
							</lines>
						</method>
						<method name="setLastUpdate" signature="(Ljava/lang/String;)V" line-rate="1.0" branch-rate="1.0">
							<lines>
								<line number="73" hits="6" branch="false"/>
								<line number="74" hits="6" branch="false"/>
							</lines>
						</method>
						<method name="setOn" signature="(Z)V" line-rate="1.0" branch-rate="1.0">
							<lines>
								<line number="59" hits="6" branch="false"/>
								<line number="60" hits="6" branch="false"/>
							</lines>
						</method>
					</methods>
					<lines>
						<line number="20" hits="6" branch="false"/>
						<line number="38" hits="1" branch="false"/>
						<line number="45" hits="6" branch="false"/>
						<line number="46" hits="6" branch="false"/>
						<line number="52" hits="2" branch="false"/>
						<line number="59" hits="6" branch="false"/>
						<line number="60" hits="6" branch="false"/>
						<line number="66" hits="1" branch="false"/>
						<line number="73" hits="6" branch="false"/>
						<line number="74" hits="6" branch="false"/>
					</lines>
				</class>
				<class name="fr.ybo.opendata.rennes.modele.equipements.TypeEquipement" filename="fr/ybo/opendata/rennes/modele/equipements/TypeEquipement.java" line-rate="1.0" branch-rate="1.0" complexity="0.0">
					<methods>
						<method name="&lt;clinit&gt;" signature="()V" line-rate="1.0" branch-rate="1.0">
							<lines>
								<line number="17" hits="8" branch="false"/>
								<line number="18" hits="1" branch="false"/>
								<line number="19" hits="1" branch="false"/>
							</lines>
						</method>
						<method name="&lt;init&gt;" signature="(Ljava/lang/String;I)V" line-rate="1.0" branch-rate="1.0">
							<lines>
							</lines>
						</method>
						<method name="valueOf" signature="(Ljava/lang/String;)Lfr/ybo/opendata/rennes/modele/equipements/TypeEquipement;" line-rate="1.0" branch-rate="1.0">
							<lines>
							</lines>
						</method>
						<method name="values" signature="()[Lfr/ybo/opendata/rennes/modele/equipements/TypeEquipement;" line-rate="1.0" branch-rate="1.0">
							<lines>
							</lines>
						</method>
					</methods>
					<lines>
						<line number="17" hits="8" branch="false"/>
						<line number="18" hits="1" branch="false"/>
						<line number="19" hits="1" branch="false"/>
					</lines>
				</class>
			</classes>
		</package>
		<package name="fr.ybo.opendata.rennes.modele.gtfs" line-rate="0.7894736842105263" branch-rate="1.0" complexity="1.4">
			<classes>
				<class name="fr.ybo.opendata.rennes.modele.gtfs.GtfsFeedInfo" filename="fr/ybo/opendata/rennes/modele/gtfs/GtfsFeedInfo.java" line-rate="0.6666666666666666" branch-rate="1.0" complexity="1.6666666666666667">
					<methods>
						<method name="&lt;clinit&gt;" signature="()V" line-rate="1.0" branch-rate="1.0">
							<lines>
								<line number="41" hits="1" branch="false"/>
							</lines>
						</method>
						<method name="&lt;init&gt;" signature="()V" line-rate="1.0" branch-rate="1.0">
							<lines>
								<line number="26" hits="1" branch="false"/>
							</lines>
						</method>
						<method name="getEndDate" signature="()Ljava/util/Date;" line-rate="0.3333333333333333" branch-rate="1.0">
							<lines>
								<line number="65" hits="1" branch="false"/>
								<line number="66" hits="0" branch="false"/>
								<line number="67" hits="0" branch="false"/>
							</lines>
						</method>
						<method name="getLang" signature="()Ljava/lang/String;" line-rate="1.0" branch-rate="1.0">
							<lines>
								<line number="52" hits="1" branch="false"/>
							</lines>
						</method>
						<method name="getPublisherName" signature="()Ljava/lang/String;" line-rate="1.0" branch-rate="1.0">
							<lines>
								<line number="44" hits="1" branch="false"/>
							</lines>
						</method>
						<method name="getPublisherUrl" signature="()Ljava/lang/String;" line-rate="1.0" branch-rate="1.0">
							<lines>
								<line number="48" hits="1" branch="false"/>
							</lines>
						</method>
						<method name="getStartDate" signature="()Ljava/util/Date;" line-rate="0.3333333333333333" branch-rate="1.0">
							<lines>
								<line number="57" hits="1" branch="false"/>
								<line number="58" hits="0" branch="false"/>
								<line number="59" hits="0" branch="false"/>
							</lines>
						</method>
						<method name="getVersion" signature="()Ljava/lang/String;" line-rate="1.0" branch-rate="1.0">
							<lines>
								<line number="72" hits="1" branch="false"/>
							</lines>
						</method>
					</methods>
					<lines>
						<line number="26" hits="1" branch="false"/>
						<line number="41" hits="1" branch="false"/>
						<line number="44" hits="1" branch="false"/>
						<line number="48" hits="1" branch="false"/>
						<line number="52" hits="1" branch="false"/>
						<line number="57" hits="1" branch="false"/>
						<line number="58" hits="0" branch="false"/>
						<line number="59" hits="0" branch="false"/>
						<line number="65" hits="1" branch="false"/>
						<line number="66" hits="0" branch="false"/>
						<line number="67" hits="0" branch="false"/>
						<line number="72" hits="1" branch="false"/>
					</lines>
				</class>
				<class name="fr.ybo.opendata.rennes.modele.gtfs.GtfsFile" filename="fr/ybo/opendata/rennes/modele/gtfs/GtfsFile.java" line-rate="1.0" branch-rate="1.0" complexity="1.0">
					<methods>
						<method name="&lt;init&gt;" signature="()V" line-rate="1.0" branch-rate="1.0">
							<lines>
								<line number="20" hits="3" branch="false"/>
							</lines>
						</method>
						<method name="getDate" signature="()Ljava/util/Date;" line-rate="1.0" branch-rate="1.0">
							<lines>
								<line number="27" hits="2" branch="false"/>
							</lines>
						</method>
						<method name="getUrl" signature="()Ljava/lang/String;" line-rate="1.0" branch-rate="1.0">
							<lines>
								<line number="35" hits="3" branch="false"/>
							</lines>
						</method>
						<method name="setDate" signature="(Ljava/util/Date;)V" line-rate="1.0" branch-rate="1.0">
							<lines>
								<line number="31" hits="2" branch="false"/>
								<line number="32" hits="2" branch="false"/>
							</lines>
						</method>
						<method name="setUrl" signature="(Ljava/lang/String;)V" line-rate="1.0" branch-rate="1.0">
							<lines>
								<line number="39" hits="3" branch="false"/>
								<line number="40" hits="3" branch="false"/>
							</lines>
						</method>
					</methods>
					<lines>
						<line number="20" hits="3" branch="false"/>
						<line number="27" hits="2" branch="false"/>
						<line number="31" hits="2" branch="false"/>
						<line number="32" hits="2" branch="false"/>
						<line number="35" hits="3" branch="false"/>
						<line number="39" hits="3" branch="false"/>
						<line number="40" hits="3" branch="false"/>
					</lines>
				</class>
			</classes>
		</package>
		<package name="fr.ybo.opendata.rennes.modele.metros" line-rate="1.0" branch-rate="1.0" complexity="1.0">
			<classes>
				<class name="fr.ybo.opendata.rennes.modele.metros.MetroStation" filename="fr/ybo/opendata/rennes/modele/metros/MetroStation.java" line-rate="1.0" branch-rate="1.0" complexity="1.0">
					<methods>
						<method name="&lt;init&gt;" signature="()V" line-rate="1.0" branch-rate="1.0">
							<lines>
								<line number="17" hits="2" branch="false"/>
							</lines>
						</method>
						<method name="getEtage" signature="()I" line-rate="1.0" branch-rate="1.0">
							<lines>
								<line number="94" hits="1" branch="false"/>
							</lines>
						</method>
						<method name="getId" signature="()Ljava/lang/String;" line-rate="1.0" branch-rate="1.0">
							<lines>
								<line number="30" hits="1" branch="false"/>
							</lines>
						</method>
						<method name="getLastupdate" signature="()Ljava/lang/String;" line-rate="1.0" branch-rate="1.0">
							<lines>
								<line number="102" hits="1" branch="false"/>
							</lines>
						</method>
						<method name="getLatitude" signature="()D" line-rate="1.0" branch-rate="1.0">
							<lines>
								<line number="46" hits="1" branch="false"/>
							</lines>
						</method>
						<method name="getLongitude" signature="()D" line-rate="1.0" branch-rate="1.0">
							<lines>
								<line number="54" hits="1" branch="false"/>
							</lines>
						</method>
						<method name="getName" signature="()Ljava/lang/String;" line-rate="1.0" branch-rate="1.0">
							<lines>
								<line number="38" hits="1" branch="false"/>
							</lines>
						</method>
						<method name="getRankingPlatformDirection1" signature="()Ljava/lang/Integer;" line-rate="1.0" branch-rate="1.0">
							<lines>
								<line number="78" hits="2" branch="false"/>
							</lines>
						</method>
						<method name="getRankingPlatformDirection2" signature="()Ljava/lang/Integer;" line-rate="1.0" branch-rate="1.0">
							<lines>
								<line number="86" hits="2" branch="false"/>
							</lines>
						</method>
						<method name="hasPlatformDirection1" signature="()Z" line-rate="1.0" branch-rate="1.0">
							<lines>
								<line number="62" hits="2" branch="false"/>
							</lines>
						</method>
						<method name="hasPlatformDirection2" signature="()Z" line-rate="1.0" branch-rate="1.0">
							<lines>
								<line number="70" hits="2" branch="false"/>
							</lines>
						</method>
						<method name="setEtage" signature="(I)V" line-rate="1.0" branch-rate="1.0">
							<lines>
								<line number="98" hits="2" branch="false"/>
								<line number="99" hits="2" branch="false"/>
							</lines>
						</method>
						<method name="setId" signature="(Ljava/lang/String;)V" line-rate="1.0" branch-rate="1.0">
							<lines>
								<line number="34" hits="2" branch="false"/>
								<line number="35" hits="2" branch="false"/>
							</lines>
						</method>
						<method name="setLastupdate" signature="(Ljava/lang/String;)V" line-rate="1.0" branch-rate="1.0">
							<lines>
								<line number="106" hits="2" branch="false"/>
								<line number="107" hits="2" branch="false"/>
							</lines>
						</method>
						<method name="setLatitude" signature="(D)V" line-rate="1.0" branch-rate="1.0">
							<lines>
								<line number="50" hits="2" branch="false"/>
								<line number="51" hits="2" branch="false"/>
							</lines>
						</method>
						<method name="setLongitude" signature="(D)V" line-rate="1.0" branch-rate="1.0">
							<lines>
								<line number="58" hits="2" branch="false"/>
								<line number="59" hits="2" branch="false"/>
							</lines>
						</method>
						<method name="setName" signature="(Ljava/lang/String;)V" line-rate="1.0" branch-rate="1.0">
							<lines>
								<line number="42" hits="2" branch="false"/>
								<line number="43" hits="2" branch="false"/>
							</lines>
						</method>
						<method name="setPlatformDirection1" signature="(Z)V" line-rate="1.0" branch-rate="1.0">
							<lines>
								<line number="66" hits="2" branch="false"/>
								<line number="67" hits="2" branch="false"/>
							</lines>
						</method>
						<method name="setPlatformDirection2" signature="(Z)V" line-rate="1.0" branch-rate="1.0">
							<lines>
								<line number="74" hits="2" branch="false"/>
								<line number="75" hits="2" branch="false"/>
							</lines>
						</method>
						<method name="setRankingPlatformDirection1" signature="(I)V" line-rate="1.0" branch-rate="1.0">
							<lines>
								<line number="82" hits="1" branch="false"/>
								<line number="83" hits="1" branch="false"/>
							</lines>
						</method>
						<method name="setRankingPlatformDirection2" signature="(I)V" line-rate="1.0" branch-rate="1.0">
							<lines>
								<line number="90" hits="1" branch="false"/>
								<line number="91" hits="1" branch="false"/>
							</lines>
						</method>
					</methods>
					<lines>
						<line number="17" hits="2" branch="false"/>
						<line number="30" hits="1" branch="false"/>
						<line number="34" hits="2" branch="false"/>
						<line number="35" hits="2" branch="false"/>
						<line number="38" hits="1" branch="false"/>
						<line number="42" hits="2" branch="false"/>
						<line number="43" hits="2" branch="false"/>
						<line number="46" hits="1" branch="false"/>
						<line number="50" hits="2" branch="false"/>
						<line number="51" hits="2" branch="false"/>
						<line number="54" hits="1" branch="false"/>
						<line number="58" hits="2" branch="false"/>
						<line number="59" hits="2" branch="false"/>
						<line number="62" hits="2" branch="false"/>
						<line number="66" hits="2" branch="false"/>
						<line number="67" hits="2" branch="false"/>
						<line number="70" hits="2" branch="false"/>
						<line number="74" hits="2" branch="false"/>
						<line number="75" hits="2" branch="false"/>
						<line number="78" hits="2" branch="false"/>
						<line number="82" hits="1" branch="false"/>
						<line number="83" hits="1" branch="false"/>
						<line number="86" hits="2" branch="false"/>
						<line number="90" hits="1" branch="false"/>
						<line number="91" hits="1" branch="false"/>
						<line number="94" hits="1" branch="false"/>
						<line number="98" hits="2" branch="false"/>
						<line number="99" hits="2" branch="false"/>
						<line number="102" hits="1" branch="false"/>
						<line number="106" hits="2" branch="false"/>
						<line number="107" hits="2" branch="false"/>
					</lines>
				</class>
				<class name="fr.ybo.opendata.rennes.modele.metros.MetroStationStatus" filename="fr/ybo/opendata/rennes/modele/metros/MetroStationStatus.java" line-rate="1.0" branch-rate="1.0" complexity="1.0">
					<methods>
						<method name="&lt;init&gt;" signature="()V" line-rate="1.0" branch-rate="1.0">
							<lines>
								<line number="17" hits="4" branch="false"/>
							</lines>
						</method>
						<method name="getId" signature="()Ljava/lang/String;" line-rate="1.0" branch-rate="1.0">
							<lines>
								<line number="23" hits="2" branch="false"/>
							</lines>
						</method>
						<method name="getLastUpdate" signature="()Ljava/lang/String;" line-rate="1.0" branch-rate="1.0">
							<lines>
								<line number="39" hits="2" branch="false"/>
							</lines>
						</method>
						<method name="isOn" signature="()Z" line-rate="1.0" branch-rate="1.0">
							<lines>
								<line number="31" hits="3" branch="false"/>
							</lines>
						</method>
						<method name="setId" signature="(Ljava/lang/String;)V" line-rate="1.0" branch-rate="1.0">
							<lines>
								<line number="27" hits="4" branch="false"/>
								<line number="28" hits="4" branch="false"/>
							</lines>
						</method>
						<method name="setLastUpdate" signature="(Ljava/lang/String;)V" line-rate="1.0" branch-rate="1.0">
							<lines>
								<line number="43" hits="4" branch="false"/>
								<line number="44" hits="4" branch="false"/>
							</lines>
						</method>
						<method name="setOn" signature="(Z)V" line-rate="1.0" branch-rate="1.0">
							<lines>
								<line number="35" hits="4" branch="false"/>
								<line number="36" hits="4" branch="false"/>
							</lines>
						</method>
					</methods>
					<lines>
						<line number="17" hits="4" branch="false"/>
						<line number="23" hits="2" branch="false"/>
						<line number="27" hits="4" branch="false"/>
						<line number="28" hits="4" branch="false"/>
						<line number="31" hits="3" branch="false"/>
						<line number="35" hits="4" branch="false"/>
						<line number="36" hits="4" branch="false"/>
						<line number="39" hits="2" branch="false"/>
						<line number="43" hits="4" branch="false"/>
						<line number="44" hits="4" branch="false"/>
					</lines>
				</class>
			</classes>
		</package>
		<package name="fr.ybo.opendata.rennes.modele.parkrelais" line-rate="0.9705882352941176" branch-rate="0.75" complexity="1.1875">
			<classes>
				<class name="fr.ybo.opendata.rennes.modele.parkrelais.ParkRelai" filename="fr/ybo/opendata/rennes/modele/parkrelais/ParkRelai.java" line-rate="1.0" branch-rate="1.0" complexity="1.0">
					<methods>
						<method name="&lt;init&gt;" signature="()V" line-rate="1.0" branch-rate="1.0">
							<lines>
								<line number="22" hits="4" branch="false"/>
							</lines>
						</method>
						<method name="getCarParkAvailable" signature="()Ljava/lang/Integer;" line-rate="1.0" branch-rate="1.0">
							<lines>
								<line number="78" hits="1" branch="false"/>
							</lines>
						</method>
						<method name="getCarParkCapacity" signature="()Ljava/lang/Integer;" line-rate="1.0" branch-rate="1.0">
							<lines>
								<line number="86" hits="1" branch="false"/>
							</lines>
						</method>
						<method name="getLastupdate" signature="()Ljava/lang/String;" line-rate="1.0" branch-rate="1.0">
							<lines>
								<line number="94" hits="1" branch="false"/>
							</lines>
						</method>
						<method name="getLatitude" signature="()D" line-rate="1.0" branch-rate="1.0">
							<lines>
								<line number="62" hits="1" branch="false"/>
							</lines>
						</method>
						<method name="getLongitude" signature="()D" line-rate="1.0" branch-rate="1.0">
							<lines>
								<line number="70" hits="1" branch="false"/>
							</lines>
						</method>
						<method name="getName" signature="()Ljava/lang/String;" line-rate="1.0" branch-rate="1.0">
							<lines>
								<line number="54" hits="1" branch="false"/>
							</lines>
						</method>
						<method name="getState" signature="()Lfr/ybo/opendata/rennes/modele/parkrelais/StateParkRelai;" line-rate="1.0" branch-rate="1.0">
							<lines>
								<line number="102" hits="4" branch="false"/>
							</lines>
						</method>
						<method name="setCarParkAvailable" signature="(Ljava/lang/Integer;)V" line-rate="1.0" branch-rate="1.0">
							<lines>
								<line number="82" hits="4" branch="false"/>
								<line number="83" hits="4" branch="false"/>
							</lines>
						</method>
						<method name="setCarParkCapacity" signature="(Ljava/lang/Integer;)V" line-rate="1.0" branch-rate="1.0">
							<lines>
								<line number="90" hits="4" branch="false"/>
								<line number="91" hits="4" branch="false"/>
							</lines>
						</method>
						<method name="setLastupdate" signature="(Ljava/lang/String;)V" line-rate="1.0" branch-rate="1.0">
							<lines>
								<line number="98" hits="4" branch="false"/>
								<line number="99" hits="4" branch="false"/>
							</lines>
						</method>
						<method name="setLatitude" signature="(D)V" line-rate="1.0" branch-rate="1.0">
							<lines>
								<line number="66" hits="4" branch="false"/>
								<line number="67" hits="4" branch="false"/>
							</lines>
						</method>
						<method name="setLongitude" signature="(D)V" line-rate="1.0" branch-rate="1.0">
							<lines>
								<line number="74" hits="4" branch="false"/>
								<line number="75" hits="4" branch="false"/>
							</lines>
						</method>
						<method name="setName" signature="(Ljava/lang/String;)V" line-rate="1.0" branch-rate="1.0">
							<lines>
								<line number="58" hits="4" branch="false"/>
								<line number="59" hits="4" branch="false"/>
							</lines>
						</method>
						<method name="setState" signature="(Lfr/ybo/opendata/rennes/modele/parkrelais/StateParkRelai;)V" line-rate="1.0" branch-rate="1.0">
							<lines>
								<line number="106" hits="4" branch="false"/>
								<line number="107" hits="4" branch="false"/>
							</lines>
						</method>
					</methods>
					<lines>
						<line number="22" hits="4" branch="false"/>
						<line number="54" hits="1" branch="false"/>
						<line number="58" hits="4" branch="false"/>
						<line number="59" hits="4" branch="false"/>
						<line number="62" hits="1" branch="false"/>
						<line number="66" hits="4" branch="false"/>
						<line number="67" hits="4" branch="false"/>
						<line number="70" hits="1" branch="false"/>
						<line number="74" hits="4" branch="false"/>
						<line number="75" hits="4" branch="false"/>
						<line number="78" hits="1" branch="false"/>
						<line number="82" hits="4" branch="false"/>
						<line number="83" hits="4" branch="false"/>
						<line number="86" hits="1" branch="false"/>
						<line number="90" hits="4" branch="false"/>
						<line number="91" hits="4" branch="false"/>
						<line number="94" hits="1" branch="false"/>
						<line number="98" hits="4" branch="false"/>
						<line number="99" hits="4" branch="false"/>
						<line number="102" hits="4" branch="false"/>
						<line number="106" hits="4" branch="false"/>
						<line number="107" hits="4" branch="false"/>
					</lines>
				</class>
				<class name="fr.ybo.opendata.rennes.modele.parkrelais.StateParkRelai" filename="fr/ybo/opendata/rennes/modele/parkrelais/StateParkRelai.java" line-rate="0.9166666666666666" branch-rate="0.75" complexity="2.5">
					<methods>
						<method name="&lt;clinit&gt;" signature="()V" line-rate="1.0" branch-rate="1.0">
							<lines>
								<line number="17" hits="5" branch="false"/>
								<line number="18" hits="1" branch="false"/>
								<line number="19" hits="1" branch="false"/>
								<line number="20" hits="1" branch="false"/>
								<line number="21" hits="1" branch="false"/>
							</lines>
						</method>
						<method name="&lt;init&gt;" signature="(Ljava/lang/String;II)V" line-rate="1.0" branch-rate="1.0">
							<lines>
								<line number="25" hits="4" branch="false"/>
								<line number="26" hits="4" branch="false"/>
								<line number="27" hits="4" branch="false"/>
							</lines>
						</method>
						<method name="fromValue" signature="(I)Lfr/ybo/opendata/rennes/modele/parkrelais/StateParkRelai;" line-rate="0.75" branch-rate="0.75">
							<lines>
								<line number="30" hits="10" branch="true" condition-coverage="50 % (1/2)">
									<conditions>
										<condition number="0" type="jump" coverage="50 %"/>
									</conditions>
								</line>
								<line number="31" hits="10" branch="true" condition-coverage="100 % (2/2)">
									<conditions>
										<condition number="0" type="jump" coverage="100 %"/>
									</conditions>
								</line>
								<line number="32" hits="4" branch="false"/>
								<line number="35" hits="0" branch="false"/>
							</lines>
						</method>
						<method name="valueOf" signature="(Ljava/lang/String;)Lfr/ybo/opendata/rennes/modele/parkrelais/StateParkRelai;" line-rate="1.0" branch-rate="1.0">
							<lines>
							</lines>
						</method>
						<method name="values" signature="()[Lfr/ybo/opendata/rennes/modele/parkrelais/StateParkRelai;" line-rate="1.0" branch-rate="1.0">
							<lines>
							</lines>
						</method>
					</methods>
					<lines>
						<line number="17" hits="5" branch="false"/>
						<line number="18" hits="1" branch="false"/>
						<line number="19" hits="1" branch="false"/>
						<line number="20" hits="1" branch="false"/>
						<line number="21" hits="1" branch="false"/>
						<line number="25" hits="4" branch="false"/>
						<line number="26" hits="4" branch="false"/>
						<line number="27" hits="4" branch="false"/>
						<line number="30" hits="10" branch="true" condition-coverage="50 % (1/2)">
							<conditions>
								<condition number="0" type="jump" coverage="50 %"/>
							</conditions>
						</line>
						<line number="31" hits="10" branch="true" condition-coverage="100 % (2/2)">
							<conditions>
								<condition number="0" type="jump" coverage="100 %"/>
							</conditions>
						</line>
						<line number="32" hits="4" branch="false"/>
						<line number="35" hits="0" branch="false"/>
					</lines>
				</class>
			</classes>
		</package>
		<package name="fr.ybo.opendata.rennes.modele.pointsdevente" line-rate="1.0" branch-rate="1.0" complexity="1.0">
			<classes>
				<class name="fr.ybo.opendata.rennes.modele.pointsdevente.PointDeVente" filename="fr/ybo/opendata/rennes/modele/pointsdevente/PointDeVente.java" line-rate="1.0" branch-rate="1.0" complexity="1.0">
					<methods>
						<method name="&lt;init&gt;" signature="()V" line-rate="1.0" branch-rate="1.0">
							<lines>
								<line number="24" hits="2" branch="false"/>
							</lines>
						</method>
						<method name="getAdresse" signature="()Ljava/lang/String;" line-rate="1.0" branch-rate="1.0">
							<lines>
								<line number="83" hits="1" branch="false"/>
							</lines>
						</method>
						<method name="getCodePostal" signature="()Ljava/lang/String;" line-rate="1.0" branch-rate="1.0">
							<lines>
								<line number="91" hits="1" branch="false"/>
							</lines>
						</method>
						<method name="getDistrict" signature="()Ljava/lang/String;" line-rate="1.0" branch-rate="1.0">
							<lines>
								<line number="107" hits="1" branch="false"/>
							</lines>
						</method>
						<method name="getLatitude" signature="()D" line-rate="1.0" branch-rate="1.0">
							<lines>
								<line number="131" hits="1" branch="false"/>
							</lines>
						</method>
						<method name="getLongitude" signature="()D" line-rate="1.0" branch-rate="1.0">
							<lines>
								<line number="139" hits="1" branch="false"/>
							</lines>
						</method>
						<method name="getName" signature="()Ljava/lang/String;" line-rate="1.0" branch-rate="1.0">
							<lines>
								<line number="67" hits="1" branch="false"/>
							</lines>
						</method>
						<method name="getSchedule" signature="()Ljava/lang/String;" line-rate="1.0" branch-rate="1.0">
							<lines>
								<line number="123" hits="1" branch="false"/>
							</lines>
						</method>
						<method name="getTelephone" signature="()Ljava/lang/String;" line-rate="1.0" branch-rate="1.0">
							<lines>
								<line number="115" hits="1" branch="false"/>
							</lines>
						</method>
						<method name="getType" signature="()Ljava/lang/String;" line-rate="1.0" branch-rate="1.0">
							<lines>
								<line number="75" hits="1" branch="false"/>
							</lines>
						</method>
						<method name="getVille" signature="()Ljava/lang/String;" line-rate="1.0" branch-rate="1.0">
							<lines>
[...]
							</conditions>
						</line>
						<line number="77" hits="4" branch="false"/>
						<line number="79" hits="8" branch="false"/>
					</lines>
				</class>
				<class name="fr.ybo.opendata.rennes.sax.villes.GetQuartiersHandler$1" filename="fr/ybo/opendata/rennes/sax/villes/GetQuartiersHandler.java" line-rate="1.0" branch-rate="1.0" complexity="1.5">
					<methods>
					</methods>
					<lines>
					</lines>
				</class>
				<class name="fr.ybo.opendata.rennes.sax.villes.GetQuartiersHandler$Balise" filename="fr/ybo/opendata/rennes/sax/villes/GetQuartiersHandler.java" line-rate="1.0" branch-rate="1.0" complexity="1.5">
					<methods>
						<method name="&lt;clinit&gt;" signature="()V" line-rate="1.0" branch-rate="1.0">
							<lines>
								<line number="26" hits="11" branch="false"/>
								<line number="27" hits="1" branch="false"/>
								<line number="33" hits="1" branch="false"/>
							</lines>
						</method>
						<method name="&lt;init&gt;" signature="(Ljava/lang/String;ILjava/lang/String;)V" line-rate="1.0" branch-rate="1.0">
							<lines>
								<line number="44" hits="2" branch="false"/>
								<line number="45" hits="2" branch="false"/>
								<line number="46" hits="2" branch="false"/>
							</lines>
						</method>
						<method name="&lt;init&gt;" signature="(Ljava/lang/String;ILjava/lang/String;Lfr/ybo/opendata/rennes/sax/villes/GetQuartiersHandler$1;)V" line-rate="1.0" branch-rate="1.0">
							<lines>
							</lines>
						</method>
						<method name="fromValue" signature="(Ljava/lang/String;)Lfr/ybo/opendata/rennes/sax/villes/GetQuartiersHandler$Balise;" line-rate="1.0" branch-rate="1.0">
							<lines>
								<line number="49" hits="18" branch="true" condition-coverage="100 % (2/2)">
									<conditions>
										<condition number="0" type="jump" coverage="100 %"/>
									</conditions>
								</line>
								<line number="50" hits="14" branch="true" condition-coverage="100 % (2/2)">
									<conditions>
										<condition number="0" type="jump" coverage="100 %"/>
									</conditions>
								</line>
								<line number="51" hits="4" branch="false"/>
								<line number="54" hits="4" branch="false"/>
							</lines>
						</method>
						<method name="valueOf" signature="(Ljava/lang/String;)Lfr/ybo/opendata/rennes/sax/villes/GetQuartiersHandler$Balise;" line-rate="1.0" branch-rate="1.0">
							<lines>
							</lines>
						</method>
						<method name="values" signature="()[Lfr/ybo/opendata/rennes/sax/villes/GetQuartiersHandler$Balise;" line-rate="1.0" branch-rate="1.0">
							<lines>
							</lines>
						</method>
					</methods>
					<lines>
						<line number="26" hits="11" branch="false"/>
						<line number="27" hits="1" branch="false"/>
						<line number="33" hits="1" branch="false"/>
						<line number="44" hits="2" branch="false"/>
						<line number="45" hits="2" branch="false"/>
						<line number="46" hits="2" branch="false"/>
						<line number="49" hits="18" branch="true" condition-coverage="100 % (2/2)">
							<conditions>
								<condition number="0" type="jump" coverage="100 %"/>
							</conditions>
						</line>
						<line number="50" hits="14" branch="true" condition-coverage="100 % (2/2)">
							<conditions>
								<condition number="0" type="jump" coverage="100 %"/>
							</conditions>
						</line>
						<line number="51" hits="4" branch="false"/>
						<line number="54" hits="4" branch="false"/>
					</lines>
				</class>
				<class name="fr.ybo.opendata.rennes.sax.villes.GetQuartiersHandler$Balise$1" filename="fr/ybo/opendata/rennes/sax/villes/GetQuartiersHandler.java" line-rate="1.0" branch-rate="1.0" complexity="1.5">
					<methods>
						<method name="&lt;init&gt;" signature="(Ljava/lang/String;ILjava/lang/String;)V" line-rate="1.0" branch-rate="1.0">
							<lines>
								<line number="27" hits="1" branch="false"/>
							</lines>
						</method>
						<method name="remplirObjectKeolis" signature="(Lfr/ybo/opendata/rennes/modele/villes/Quartier;Ljava/lang/String;)V" line-rate="1.0" branch-rate="1.0">
							<lines>
								<line number="30" hits="2" branch="false"/>
								<line number="31" hits="2" branch="false"/>
							</lines>
						</method>
					</methods>
					<lines>
						<line number="27" hits="1" branch="false"/>
						<line number="30" hits="2" branch="false"/>
						<line number="31" hits="2" branch="false"/>
					</lines>
				</class>
				<class name="fr.ybo.opendata.rennes.sax.villes.GetQuartiersHandler$Balise$2" filename="fr/ybo/opendata/rennes/sax/villes/GetQuartiersHandler.java" line-rate="1.0" branch-rate="1.0" complexity="1.5">
					<methods>
						<method name="&lt;init&gt;" signature="(Ljava/lang/String;ILjava/lang/String;)V" line-rate="1.0" branch-rate="1.0">
							<lines>
								<line number="33" hits="1" branch="false"/>
							</lines>
						</method>
						<method name="remplirObjectKeolis" signature="(Lfr/ybo/opendata/rennes/modele/villes/Quartier;Ljava/lang/String;)V" line-rate="1.0" branch-rate="1.0">
							<lines>
								<line number="36" hits="2" branch="false"/>
								<line number="37" hits="2" branch="false"/>
							</lines>
						</method>
					</methods>
					<lines>
						<line number="33" hits="1" branch="false"/>
						<line number="36" hits="2" branch="false"/>
						<line number="37" hits="2" branch="false"/>
					</lines>
				</class>
				<class name="fr.ybo.opendata.rennes.sax.villes.GetVillesHandler" filename="fr/ybo/opendata/rennes/sax/villes/GetVillesHandler.java" line-rate="1.0" branch-rate="1.0" complexity="1.4444444444444444">
					<methods>
						<method name="&lt;init&gt;" signature="()V" line-rate="1.0" branch-rate="1.0">
							<lines>
								<line number="26" hits="1" branch="false"/>
							</lines>
						</method>
						<method name="getBaliseData" signature="()Ljava/lang/String;" line-rate="1.0" branch-rate="1.0">
							<lines>
								<line number="71" hits="23" branch="false"/>
							</lines>
						</method>
						<method name="getNewObjetKeolis" signature="()Lfr/ybo/opendata/rennes/modele/villes/Ville;" line-rate="1.0" branch-rate="1.0">
							<lines>
								<line number="76" hits="2" branch="false"/>
							</lines>
						</method>
						<method name="getNewObjetKeolis" signature="()Ljava/lang/Object;" line-rate="1.0" branch-rate="1.0">
							<lines>
								<line number="24" hits="13" branch="false"/>
							</lines>
						</method>
						<method name="remplirObjectKeolis" signature="(Lfr/ybo/opendata/rennes/modele/villes/Ville;Ljava/lang/String;Ljava/lang/String;)V" line-rate="1.0" branch-rate="1.0">
							<lines>
								<line number="81" hits="10" branch="false"/>
								<line number="82" hits="10" branch="true" condition-coverage="100 % (2/2)">
									<conditions>
										<condition number="0" type="jump" coverage="100 %"/>
									</conditions>
								</line>
								<line number="83" hits="6" branch="false"/>
								<line number="85" hits="10" branch="false"/>
							</lines>
						</method>
						<method name="remplirObjectKeolis" signature="(Ljava/lang/Object;Ljava/lang/String;Ljava/lang/String;)V" line-rate="1.0" branch-rate="1.0">
							<lines>
							</lines>
						</method>
					</methods>
					<lines>
						<line number="24" hits="13" branch="false"/>
						<line number="26" hits="1" branch="false"/>
						<line number="71" hits="23" branch="false"/>
						<line number="76" hits="2" branch="false"/>
						<line number="81" hits="10" branch="false"/>
						<line number="82" hits="10" branch="true" condition-coverage="100 % (2/2)">
							<conditions>
								<condition number="0" type="jump" coverage="100 %"/>
							</conditions>
						</line>
						<line number="83" hits="6" branch="false"/>
						<line number="85" hits="10" branch="false"/>
					</lines>
				</class>
				<class name="fr.ybo.opendata.rennes.sax.villes.GetVillesHandler$1" filename="fr/ybo/opendata/rennes/sax/villes/GetVillesHandler.java" line-rate="1.0" branch-rate="1.0" complexity="1.4444444444444444">
					<methods>
					</methods>
					<lines>
					</lines>
				</class>
				<class name="fr.ybo.opendata.rennes.sax.villes.GetVillesHandler$Balise" filename="fr/ybo/opendata/rennes/sax/villes/GetVillesHandler.java" line-rate="1.0" branch-rate="1.0" complexity="1.4444444444444444">
					<methods>
						<method name="&lt;clinit&gt;" signature="()V" line-rate="1.0" branch-rate="1.0">
							<lines>
								<line number="26" hits="14" branch="false"/>
								<line number="27" hits="1" branch="false"/>
								<line number="33" hits="1" branch="false"/>
								<line number="39" hits="1" branch="false"/>
							</lines>
						</method>
						<method name="&lt;init&gt;" signature="(Ljava/lang/String;ILjava/lang/String;)V" line-rate="1.0" branch-rate="1.0">
							<lines>
								<line number="50" hits="3" branch="false"/>
								<line number="51" hits="3" branch="false"/>
								<line number="52" hits="3" branch="false"/>
							</lines>
						</method>
						<method name="&lt;init&gt;" signature="(Ljava/lang/String;ILjava/lang/String;Lfr/ybo/opendata/rennes/sax/villes/GetVillesHandler$1;)V" line-rate="1.0" branch-rate="1.0">
							<lines>
							</lines>
						</method>
						<method name="fromValue" signature="(Ljava/lang/String;)Lfr/ybo/opendata/rennes/sax/villes/GetVillesHandler$Balise;" line-rate="1.0" branch-rate="1.0">
							<lines>
								<line number="55" hits="28" branch="true" condition-coverage="100 % (2/2)">
									<conditions>
										<condition number="0" type="jump" coverage="100 %"/>
									</conditions>
								</line>
								<line number="56" hits="24" branch="true" condition-coverage="100 % (2/2)">
									<conditions>
										<condition number="0" type="jump" coverage="100 %"/>
									</conditions>
								</line>
								<line number="57" hits="6" branch="false"/>
								<line number="60" hits="4" branch="false"/>
							</lines>
						</method>
						<method name="valueOf" signature="(Ljava/lang/String;)Lfr/ybo/opendata/rennes/sax/villes/GetVillesHandler$Balise;" line-rate="1.0" branch-rate="1.0">
							<lines>
							</lines>
						</method>
						<method name="values" signature="()[Lfr/ybo/opendata/rennes/sax/villes/GetVillesHandler$Balise;" line-rate="1.0" branch-rate="1.0">
							<lines>
							</lines>
						</method>
					</methods>
					<lines>
						<line number="26" hits="14" branch="false"/>
						<line number="27" hits="1" branch="false"/>
						<line number="33" hits="1" branch="false"/>
						<line number="39" hits="1" branch="false"/>
						<line number="50" hits="3" branch="false"/>
						<line number="51" hits="3" branch="false"/>
						<line number="52" hits="3" branch="false"/>
						<line number="55" hits="28" branch="true" condition-coverage="100 % (2/2)">
							<conditions>
								<condition number="0" type="jump" coverage="100 %"/>
							</conditions>
						</line>
						<line number="56" hits="24" branch="true" condition-coverage="100 % (2/2)">
							<conditions>
								<condition number="0" type="jump" coverage="100 %"/>
							</conditions>
						</line>
						<line number="57" hits="6" branch="false"/>
						<line number="60" hits="4" branch="false"/>
					</lines>
				</class>
				<class name="fr.ybo.opendata.rennes.sax.villes.GetVillesHandler$Balise$1" filename="fr/ybo/opendata/rennes/sax/villes/GetVillesHandler.java" line-rate="1.0" branch-rate="1.0" complexity="1.4444444444444444">
					<methods>
						<method name="&lt;init&gt;" signature="(Ljava/lang/String;ILjava/lang/String;)V" line-rate="1.0" branch-rate="1.0">
							<lines>
								<line number="27" hits="1" branch="false"/>
							</lines>
						</method>
						<method name="remplirObjectKeolis" signature="(Lfr/ybo/opendata/rennes/modele/villes/Ville;Ljava/lang/String;)V" line-rate="1.0" branch-rate="1.0">
							<lines>
								<line number="30" hits="2" branch="false"/>
								<line number="31" hits="2" branch="false"/>
							</lines>
						</method>
					</methods>
					<lines>
						<line number="27" hits="1" branch="false"/>
						<line number="30" hits="2" branch="false"/>
						<line number="31" hits="2" branch="false"/>
					</lines>
				</class>
				<class name="fr.ybo.opendata.rennes.sax.villes.GetVillesHandler$Balise$2" filename="fr/ybo/opendata/rennes/sax/villes/GetVillesHandler.java" line-rate="1.0" branch-rate="1.0" complexity="1.4444444444444444">
					<methods>
						<method name="&lt;init&gt;" signature="(Ljava/lang/String;ILjava/lang/String;)V" line-rate="1.0" branch-rate="1.0">
							<lines>
								<line number="33" hits="1" branch="false"/>
							</lines>
						</method>
						<method name="remplirObjectKeolis" signature="(Lfr/ybo/opendata/rennes/modele/villes/Ville;Ljava/lang/String;)V" line-rate="1.0" branch-rate="1.0">
							<lines>
								<line number="36" hits="2" branch="false"/>
								<line number="37" hits="2" branch="false"/>
							</lines>
						</method>
					</methods>
					<lines>
						<line number="33" hits="1" branch="false"/>
						<line number="36" hits="2" branch="false"/>
						<line number="37" hits="2" branch="false"/>
					</lines>
				</class>
				<class name="fr.ybo.opendata.rennes.sax.villes.GetVillesHandler$Balise$3" filename="fr/ybo/opendata/rennes/sax/villes/GetVillesHandler.java" line-rate="1.0" branch-rate="1.0" complexity="1.4444444444444444">
					<methods>
						<method name="&lt;init&gt;" signature="(Ljava/lang/String;ILjava/lang/String;)V" line-rate="1.0" branch-rate="1.0">
							<lines>
								<line number="39" hits="1" branch="false"/>
							</lines>
						</method>
						<method name="remplirObjectKeolis" signature="(Lfr/ybo/opendata/rennes/modele/villes/Ville;Ljava/lang/String;)V" line-rate="1.0" branch-rate="1.0">
							<lines>
								<line number="42" hits="2" branch="false"/>
								<line number="43" hits="2" branch="false"/>
							</lines>
						</method>
					</methods>
					<lines>
						<line number="39" hits="1" branch="false"/>
						<line number="42" hits="2" branch="false"/>
						<line number="43" hits="2" branch="false"/>
					</lines>
				</class>
			</classes>
		</package>
		<package name="fr.ybo.opendata.rennes.util" line-rate="0.5769230769230769" branch-rate="0.6666666666666666" complexity="3.25">
			<classes>
				<class name="fr.ybo.opendata.rennes.util.Connecteur" filename="fr/ybo/opendata/rennes/util/Connecteur.java" line-rate="1.0" branch-rate="1.0" complexity="1.0">
					<methods>
					</methods>
					<lines>
					</lines>
				</class>
				<class name="fr.ybo.opendata.rennes.util.Formatteur" filename="fr/ybo/opendata/rennes/util/Formatteur.java" line-rate="0.7777777777777778" branch-rate="0.6666666666666666" complexity="4.0">
					<methods>
						<method name="&lt;init&gt;" signature="()V" line-rate="0.0" branch-rate="1.0">
							<lines>
								<line number="18" hits="0" branch="false"/>
								<line number="19" hits="0" branch="false"/>
							</lines>
						</method>
						<method name="formatterChaine" signature="(Ljava/lang/String;)Ljava/lang/String;" line-rate="0.875" branch-rate="0.6666666666666666">
							<lines>
								<line number="22" hits="1" branch="false"/>
								<line number="23" hits="4" branch="true" condition-coverage="100 % (2/2)">
									<conditions>
										<condition number="0" type="jump" coverage="100 %"/>
									</conditions>
								</line>
								<line number="24" hits="6" branch="true" condition-coverage="100 % (2/2)">
									<conditions>
										<condition number="0" type="jump" coverage="100 %"/>
									</conditions>
								</line>
								<line number="25" hits="3" branch="true" condition-coverage="50 % (1/2)">
									<conditions>
										<condition number="0" type="jump" coverage="50 %"/>
									</conditions>
								</line>
								<line number="26" hits="3" branch="false"/>
								<line number="27" hits="3" branch="false"/>
								<line number="29" hits="3" branch="false"/>
								<line number="32" hits="3" branch="false"/>
								<line number="33" hits="3" branch="false"/>
								<line number="36" hits="1" branch="false"/>
								<line number="37" hits="1" branch="false"/>
								<line number="38" hits="1" branch="true" condition-coverage="50 % (1/2)">
									<conditions>
										<condition number="0" type="jump" coverage="50 %"/>
									</conditions>
								</line>
								<line number="39" hits="0" branch="false"/>
								<line number="41" hits="1" branch="true" condition-coverage="50 % (2/4)">
									<conditions>
										<condition number="0" type="jump" coverage="50 %"/>
										<condition number="1" type="jump" coverage="50 %"/>
									</conditions>
								</line>
								<line number="42" hits="0" branch="false"/>
								<line number="44" hits="1" branch="false"/>
							</lines>
						</method>
					</methods>
					<lines>
						<line number="18" hits="0" branch="false"/>
						<line number="19" hits="0" branch="false"/>
						<line number="22" hits="1" branch="false"/>
						<line number="23" hits="4" branch="true" condition-coverage="100 % (2/2)">
							<conditions>
								<condition number="0" type="jump" coverage="100 %"/>
							</conditions>
						</line>
						<line number="24" hits="6" branch="true" condition-coverage="100 % (2/2)">
							<conditions>
								<condition number="0" type="jump" coverage="100 %"/>
							</conditions>
						</line>
						<line number="25" hits="3" branch="true" condition-coverage="50 % (1/2)">
							<conditions>
								<condition number="0" type="jump" coverage="50 %"/>
							</conditions>
						</line>
						<line number="26" hits="3" branch="false"/>
						<line number="27" hits="3" branch="false"/>
						<line number="29" hits="3" branch="false"/>
						<line number="32" hits="3" branch="false"/>
						<line number="33" hits="3" branch="false"/>
						<line number="36" hits="1" branch="false"/>
						<line number="37" hits="1" branch="false"/>
						<line number="38" hits="1" branch="true" condition-coverage="50 % (1/2)">
							<conditions>
								<condition number="0" type="jump" coverage="50 %"/>
							</conditions>
						</line>
						<line number="39" hits="0" branch="false"/>
						<line number="41" hits="1" branch="true" condition-coverage="50 % (2/4)">
							<conditions>
								<condition number="0" type="jump" coverage="50 %"/>
								<condition number="1" type="jump" coverage="50 %"/>
							</conditions>
						</line>
						<line number="42" hits="0" branch="false"/>
						<line number="44" hits="1" branch="false"/>
					</lines>
				</class>
				<class name="fr.ybo.opendata.rennes.util.HttpConnecteur" filename="fr/ybo/opendata/rennes/util/HttpConnecteur.java" line-rate="0.125" branch-rate="1.0" complexity="4.0">
					<methods>
						<method name="&lt;init&gt;" signature="()V" line-rate="1.0" branch-rate="1.0">
							<lines>
								<line number="25" hits="15" branch="false"/>
							</lines>
						</method>
						<method name="openInputStream" signature="(Ljava/lang/String;)Ljava/io/InputStream;" line-rate="0.0" branch-rate="1.0">
							<lines>
								<line number="29" hits="0" branch="false"/>
								<line number="30" hits="0" branch="false"/>
								<line number="31" hits="0" branch="false"/>
								<line number="32" hits="0" branch="false"/>
								<line number="33" hits="0" branch="false"/>
								<line number="34" hits="0" branch="false"/>
								<line number="35" hits="0" branch="false"/>
							</lines>
						</method>
					</methods>
					<lines>
						<line number="25" hits="15" branch="false"/>
						<line number="29" hits="0" branch="false"/>
						<line number="30" hits="0" branch="false"/>
						<line number="31" hits="0" branch="false"/>
						<line number="32" hits="0" branch="false"/>
						<line number="33" hits="0" branch="false"/>
						<line number="34" hits="0" branch="false"/>
						<line number="35" hits="0" branch="false"/>
					</lines>
				</class>
			</classes>
		</package>
	</packages>
</coverage>
