<?xml version="1.0"?>
<!DOCTYPE coverage SYSTEM "http://cobertura.sourceforge.net/xml/coverage-04.dtd">

<coverage line-rate="0.877488514548239" branch-rate="0.6538461538461539" lines-covered="573" lines-valid="653" branches-covered="85" branches-valid="130" complexity="1.4372093023255814" version="1.9.4.1" timestamp="1321305559549">
	<sources>
		<source>/scratch/hudson/workspace/OpenDataRennesApi/src/main/java</source>
		<source>--source</source>
	</sources>
	<packages>
		<package name="fr.ybo.opendata.rennes" line-rate="0.7037037037037037" branch-rate="0.6538461538461539" complexity="2.272727272727273">
			<classes>
				<class name="fr.ybo.opendata.rennes.Gtfs" filename="fr/ybo/opendata/rennes/Gtfs.java" line-rate="0.8409090909090909" branch-rate="0.875" complexity="2.8">
					<methods>
						<method name="&lt;clinit&gt;" signature="()V" line-rate="1.0" branch-rate="1.0">
							<lines>
								<line number="42" hits="1" branch="false"/>
							</lines>
						</method>
						<method name="&lt;init&gt;" signature="()V" line-rate="1.0" branch-rate="1.0">
							<lines>
								<line number="79" hits="2" branch="false"/>
								<line number="80" hits="2" branch="false"/>
								<line number="81" hits="2" branch="false"/>
							</lines>
						</method>
						<method name="getFeedInfo" signature="(Lfr/ybo/opendata/rennes/modele/bus/GtfsFile;)Ljava/util/List;" line-rate="0.7368421052631579" branch-rate="0.75">
							<lines>
								<line number="132" hits="1" branch="false"/>
								<line number="133" hits="1" branch="false"/>
								<line number="134" hits="1" branch="false"/>
								<line number="135" hits="1" branch="false"/>
								<line number="136" hits="1" branch="false"/>
								<line number="138" hits="1" branch="false"/>
								<line number="139" hits="4" branch="true" condition-coverage="50 % (1/2)">
									<conditions>
										<condition number="0" type="jump" coverage="50 %"/>
									</conditions>
								</line>
								<line number="140" hits="4" branch="true" condition-coverage="100 % (2/2)">
									<conditions>
										<condition number="0" type="jump" coverage="100 %"/>
									</conditions>
								</line>
								<line number="141" hits="1" branch="false"/>
								<line number="142" hits="1" branch="false"/>
								<line number="144" hits="3" branch="false"/>
								<line number="146" hits="0" branch="false"/>
								<line number="147" hits="0" branch="false"/>
								<line number="149" hits="0" branch="false"/>
								<line number="150" hits="1" branch="false"/>
								<line number="151" hits="0" branch="false"/>
								<line number="152" hits="1" branch="false"/>
								<line number="153" hits="0" branch="false"/>
								<line number="154" hits="1" branch="false"/>
							</lines>
						</method>
						<method name="getUpdates" signature="()Ljava/util/List;" line-rate="0.8333333333333334" branch-rate="1.0">
							<lines>
								<line number="94" hits="1" branch="false"/>
								<line number="96" hits="1" branch="false"/>
								<line number="98" hits="1" branch="false"/>
								<line number="99" hits="248" branch="true" condition-coverage="100 % (2/2)">
									<conditions>
										<condition number="0" type="jump" coverage="100 %"/>
									</conditions>
								</line>
								<line number="100" hits="247" branch="false"/>
								<line number="101" hits="247" branch="false"/>
								<line number="104" hits="1" branch="false"/>
								<line number="105" hits="1" branch="false"/>
								<line number="106" hits="0" branch="false"/>
								<line number="107" hits="0" branch="false"/>
								<line number="108" hits="1" branch="false"/>
								<line number="109" hits="1" branch="false"/>
							</lines>
						</method>
						<method name="setConnecteur" signature="(Lfr/ybo/opendata/rennes/util/Connecteur;)V" line-rate="1.0" branch-rate="1.0">
							<lines>
								<line number="84" hits="2" branch="false"/>
								<line number="85" hits="2" branch="false"/>
							</lines>
						</method>
						<method name="traiterLigne" signature="(Ljava/lang/String;Ljava/util/List;)V" line-rate="1.0" branch-rate="1.0">
							<lines>
								<line number="113" hits="247" branch="true" condition-coverage="100 % (2/2)">
									<conditions>
										<condition number="0" type="jump" coverage="100 %"/>
									</conditions>
								</line>
								<line number="114" hits="2" branch="false"/>
								<line number="117" hits="2" branch="false"/>
								<line number="118" hits="2" branch="false"/>
								<line number="119" hits="2" branch="false"/>
								<line number="120" hits="2" branch="false"/>
								<line number="122" hits="247" branch="false"/>
							</lines>
						</method>
					</methods>
					<lines>
						<line number="42" hits="1" branch="false"/>
						<line number="79" hits="2" branch="false"/>
						<line number="80" hits="2" branch="false"/>
						<line number="81" hits="2" branch="false"/>
						<line number="84" hits="2" branch="false"/>
						<line number="85" hits="2" branch="false"/>
						<line number="94" hits="1" branch="false"/>
						<line number="96" hits="1" branch="false"/>
						<line number="98" hits="1" branch="false"/>
						<line number="99" hits="248" branch="true" condition-coverage="100 % (2/2)">
							<conditions>
								<condition number="0" type="jump" coverage="100 %"/>
							</conditions>
						</line>
						<line number="100" hits="247" branch="false"/>
						<line number="101" hits="247" branch="false"/>
						<line number="104" hits="1" branch="false"/>
						<line number="105" hits="1" branch="false"/>
						<line number="106" hits="0" branch="false"/>
						<line number="107" hits="0" branch="false"/>
						<line number="108" hits="1" branch="false"/>
						<line number="109" hits="1" branch="false"/>
						<line number="113" hits="247" branch="true" condition-coverage="100 % (2/2)">
							<conditions>
								<condition number="0" type="jump" coverage="100 %"/>
							</conditions>
						</line>
						<line number="114" hits="2" branch="false"/>
						<line number="117" hits="2" branch="false"/>
						<line number="118" hits="2" branch="false"/>
						<line number="119" hits="2" branch="false"/>
						<line number="120" hits="2" branch="false"/>
						<line number="122" hits="247" branch="false"/>
						<line number="132" hits="1" branch="false"/>
						<line number="133" hits="1" branch="false"/>
						<line number="134" hits="1" branch="false"/>
						<line number="135" hits="1" branch="false"/>
						<line number="136" hits="1" branch="false"/>
						<line number="138" hits="1" branch="false"/>
						<line number="139" hits="4" branch="true" condition-coverage="50 % (1/2)">
							<conditions>
								<condition number="0" type="jump" coverage="50 %"/>
							</conditions>
						</line>
						<line number="140" hits="4" branch="true" condition-coverage="100 % (2/2)">
							<conditions>
								<condition number="0" type="jump" coverage="100 %"/>
							</conditions>
						</line>
						<line number="141" hits="1" branch="false"/>
						<line number="142" hits="1" branch="false"/>
						<line number="144" hits="3" branch="false"/>
						<line number="146" hits="0" branch="false"/>
						<line number="147" hits="0" branch="false"/>
						<line number="149" hits="0" branch="false"/>
						<line number="150" hits="1" branch="false"/>
						<line number="151" hits="0" branch="false"/>
						<line number="152" hits="1" branch="false"/>
						<line number="153" hits="0" branch="false"/>
						<line number="154" hits="1" branch="false"/>
					</lines>
				</class>
				<class name="fr.ybo.opendata.rennes.Keolis" filename="fr/ybo/opendata/rennes/Keolis.java" line-rate="0.6724137931034483" branch-rate="0.5555555555555556" complexity="2.357142857142857">
					<methods>
						<method name="&lt;init&gt;" signature="(Ljava/lang/String;)V" line-rate="1.0" branch-rate="1.0">
							<lines>
								<line number="99" hits="7" branch="false"/>
								<line number="100" hits="7" branch="false"/>
								<line number="101" hits="7" branch="false"/>
								<line number="102" hits="7" branch="false"/>
							</lines>
						</method>
						<method name="appelKeolis" signature="(Ljava/lang/String;Lfr/ybo/opendata/rennes/sax/KeolisHandler;)Ljava/util/List;" line-rate="0.5" branch-rate="0.5">
							<lines>
								<line number="117" hits="7" branch="false"/>
								<line number="118" hits="7" branch="false"/>
								<line number="120" hits="7" branch="false"/>
								<line number="122" hits="7" branch="false"/>
								<line number="123" hits="7" branch="false"/>
								<line number="125" hits="0" branch="false"/>
								<line number="126" hits="7" branch="false"/>
								<line number="127" hits="0" branch="false"/>
								<line number="128" hits="7" branch="false"/>
								<line number="129" hits="0" branch="false"/>
								<line number="130" hits="0" branch="false"/>
								<line number="131" hits="0" branch="false"/>
								<line number="132" hits="0" branch="false"/>
								<line number="133" hits="0" branch="false"/>
								<line number="134" hits="0" branch="false"/>
								<line number="135" hits="0" branch="false"/>
								<line number="136" hits="7" branch="false"/>
								<line number="137" hits="7" branch="true" condition-coverage="50 % (3/6)">
									<conditions>
										<condition number="0" type="jump" coverage="50 %"/>
										<condition number="1" type="jump" coverage="50 %"/>
										<condition number="2" type="jump" coverage="50 %"/>
									</conditions>
								</line>
								<line number="138" hits="0" branch="false"/>
								<line number="140" hits="7" branch="false"/>
							</lines>
						</method>
						<method name="getAlerts" signature="()Ljava/util/List;" line-rate="1.0" branch-rate="1.0">
							<lines>
								<line number="150" hits="1" branch="false"/>
							</lines>
						</method>
						<method name="getLigne" signature="(Lfr/ybo/opendata/rennes/modele/bus/PictoSize;)Ljava/util/List;" line-rate="1.0" branch-rate="1.0">
							<lines>
								<line number="246" hits="1" branch="false"/>
							</lines>
						</method>
						<method name="getParkRelais" signature="()Ljava/util/List;" line-rate="1.0" branch-rate="1.0">
							<lines>
								<line number="229" hits="1" branch="false"/>
							</lines>
						</method>
						<method name="getPointDeVente" signature="()Ljava/util/List;" line-rate="1.0" branch-rate="1.0">
							<lines>
								<line number="237" hits="1" branch="false"/>
							</lines>
						</method>
						<method name="getStation" signature="(Ljava/lang/String;)Ljava/util/List;" line-rate="1.0" branch-rate="1.0">
							<lines>
								<line number="161" hits="2" branch="false"/>
							</lines>
						</method>
						<method name="getStationByNumber" signature="(Ljava/lang/String;)Lfr/ybo/opendata/rennes/modele/velos/Station;" line-rate="0.0" branch-rate="0.0">
							<lines>
								<line number="172" hits="0" branch="false"/>
								<line number="173" hits="0" branch="false"/>
								<line number="174" hits="0" branch="true" condition-coverage="0 % (0/2)">
									<conditions>
										<condition number="0" type="jump" coverage="0 %"/>
									</conditions>
								</line>
								<line number="175" hits="0" branch="false"/>
								<line number="177" hits="0" branch="false"/>
							</lines>
						</method>
						<method name="getStationByNumbers" signature="(Ljava/util/Collection;)Ljava/util/List;" line-rate="0.75" branch-rate="0.625">
							<lines>
								<line number="189" hits="1" branch="false"/>
								<line number="190" hits="1" branch="true" condition-coverage="50 % (1/2)">
									<conditions>
										<condition number="0" type="jump" coverage="50 %"/>
									</conditions>
								</line>
								<line number="191" hits="0" branch="true" condition-coverage="0 % (0/2)">
									<conditions>
										<condition number="0" type="jump" coverage="0 %"/>
									</conditions>
								</line>
								<line number="192" hits="0" branch="false"/>
								<line number="195" hits="1" branch="true" condition-coverage="100 % (2/2)">
									<conditions>
										<condition number="0" type="jump" coverage="100 %"/>
									</conditions>
								</line>
								<line number="196" hits="2" branch="true" condition-coverage="100 % (2/2)">
									<conditions>
										<condition number="0" type="jump" coverage="100 %"/>
									</conditions>
								</line>
								<line number="197" hits="1" branch="false"/>
								<line number="201" hits="1" branch="false"/>
							</lines>
						</method>
						<method name="getStations" signature="()Ljava/util/List;" line-rate="1.0" branch-rate="1.0">
							<lines>
								<line number="211" hits="2" branch="false"/>
							</lines>
						</method>
						<method name="getStationsDistrict" signature="()Ljava/util/List;" line-rate="1.0" branch-rate="1.0">
							<lines>
								<line number="221" hits="1" branch="false"/>
							</lines>
						</method>
						<method name="getUrl" signature="(Ljava/lang/String;)Ljava/lang/String;" line-rate="1.0" branch-rate="1.0">
							<lines>
								<line number="257" hits="7" branch="false"/>
								<line number="258" hits="7" branch="false"/>
								<line number="259" hits="7" branch="false"/>
								<line number="260" hits="7" branch="false"/>
								<line number="261" hits="7" branch="false"/>
							</lines>
						</method>
						<method name="getUrl" signature="(Ljava/lang/String;[Lfr/ybo/opendata/rennes/modele/ParametreUrl;)Ljava/lang/String;" line-rate="0.7142857142857143" branch-rate="1.0">
							<lines>
								<line number="273" hits="1" branch="false"/>
								<line number="274" hits="2" branch="true" condition-coverage="100 % (2/2)">
									<conditions>
										<condition number="0" type="jump" coverage="100 %"/>
									</conditions>
								</line>
								<line number="277" hits="1" branch="false"/>
								<line number="278" hits="0" branch="false"/>
								<line number="279" hits="0" branch="false"/>
								<line number="280" hits="1" branch="false"/>
								<line number="282" hits="1" branch="false"/>
							</lines>
						</method>
						<method name="setConnecteur" signature="(Lfr/ybo/opendata/rennes/util/Connecteur;)V" line-rate="1.0" branch-rate="1.0">
							<lines>
								<line number="91" hits="7" branch="false"/>
								<line number="92" hits="7" branch="false"/>
							</lines>
						</method>
					</methods>
					<lines>
						<line number="91" hits="7" branch="false"/>
						<line number="92" hits="7" branch="false"/>
						<line number="99" hits="7" branch="false"/>
						<line number="100" hits="7" branch="false"/>
						<line number="101" hits="7" branch="false"/>
						<line number="102" hits="7" branch="false"/>
						<line number="117" hits="7" branch="false"/>
						<line number="118" hits="7" branch="false"/>
						<line number="120" hits="7" branch="false"/>
						<line number="122" hits="7" branch="false"/>
						<line number="123" hits="7" branch="false"/>
						<line number="125" hits="0" branch="false"/>
						<line number="126" hits="7" branch="false"/>
						<line number="127" hits="0" branch="false"/>
						<line number="128" hits="7" branch="false"/>
						<line number="129" hits="0" branch="false"/>
						<line number="130" hits="0" branch="false"/>
						<line number="131" hits="0" branch="false"/>
						<line number="132" hits="0" branch="false"/>
						<line number="133" hits="0" branch="false"/>
						<line number="134" hits="0" branch="false"/>
						<line number="135" hits="0" branch="false"/>
						<line number="136" hits="7" branch="false"/>
						<line number="137" hits="7" branch="true" condition-coverage="50 % (3/6)">
							<conditions>
								<condition number="0" type="jump" coverage="50 %"/>
								<condition number="1" type="jump" coverage="50 %"/>
								<condition number="2" type="jump" coverage="50 %"/>
							</conditions>
						</line>
						<line number="138" hits="0" branch="false"/>
						<line number="140" hits="7" branch="false"/>
						<line number="150" hits="1" branch="false"/>
						<line number="161" hits="2" branch="false"/>
						<line number="172" hits="0" branch="false"/>
						<line number="173" hits="0" branch="false"/>
						<line number="174" hits="0" branch="true" condition-coverage="0 % (0/2)">
							<conditions>
								<condition number="0" type="jump" coverage="0 %"/>
							</conditions>
						</line>
						<line number="175" hits="0" branch="false"/>
						<line number="177" hits="0" branch="false"/>
						<line number="189" hits="1" branch="false"/>
						<line number="190" hits="1" branch="true" condition-coverage="50 % (1/2)">
							<conditions>
								<condition number="0" type="jump" coverage="50 %"/>
							</conditions>
						</line>
						<line number="191" hits="0" branch="true" condition-coverage="0 % (0/2)">
							<conditions>
								<condition number="0" type="jump" coverage="0 %"/>
							</conditions>
						</line>
						<line number="192" hits="0" branch="false"/>
						<line number="195" hits="1" branch="true" condition-coverage="100 % (2/2)">
							<conditions>
								<condition number="0" type="jump" coverage="100 %"/>
							</conditions>
						</line>
						<line number="196" hits="2" branch="true" condition-coverage="100 % (2/2)">
							<conditions>
								<condition number="0" type="jump" coverage="100 %"/>
							</conditions>
						</line>
						<line number="197" hits="1" branch="false"/>
						<line number="201" hits="1" branch="false"/>
						<line number="211" hits="2" branch="false"/>
						<line number="221" hits="1" branch="false"/>
						<line number="229" hits="1" branch="false"/>
						<line number="237" hits="1" branch="false"/>
						<line number="246" hits="1" branch="false"/>
						<line number="257" hits="7" branch="false"/>
						<line number="258" hits="7" branch="false"/>
						<line number="259" hits="7" branch="false"/>
						<line number="260" hits="7" branch="false"/>
						<line number="261" hits="7" branch="false"/>
						<line number="273" hits="1" branch="false"/>
						<line number="274" hits="2" branch="true" condition-coverage="100 % (2/2)">
							<conditions>
								<condition number="0" type="jump" coverage="100 %"/>
							</conditions>
						</line>
						<line number="277" hits="1" branch="false"/>
						<line number="278" hits="0" branch="false"/>
						<line number="279" hits="0" branch="false"/>
						<line number="280" hits="1" branch="false"/>
						<line number="282" hits="1" branch="false"/>
					</lines>
				</class>
				<class name="fr.ybo.opendata.rennes.KeolisException" filename="fr/ybo/opendata/rennes/KeolisException.java" line-rate="0.0" branch-rate="1.0" complexity="1.0">
					<methods>
						<method name="&lt;init&gt;" signature="(Ljava/lang/String;Ljava/lang/Throwable;)V" line-rate="0.0" branch-rate="1.0">
							<lines>
								<line number="35" hits="0" branch="false"/>
								<line number="36" hits="0" branch="false"/>
							</lines>
						</method>
					</methods>
					<lines>
						<line number="35" hits="0" branch="false"/>
						<line number="36" hits="0" branch="false"/>
					</lines>
				</class>
				<class name="fr.ybo.opendata.rennes.KeolisReseauException" filename="fr/ybo/opendata/rennes/KeolisReseauException.java" line-rate="0.0" branch-rate="1.0" complexity="1.0">
					<methods>
						<method name="&lt;init&gt;" signature="()V" line-rate="0.0" branch-rate="1.0">
							<lines>
								<line number="28" hits="0" branch="false"/>
								<line number="29" hits="0" branch="false"/>
							</lines>
						</method>
						<method name="&lt;init&gt;" signature="(Ljava/lang/Throwable;)V" line-rate="0.0" branch-rate="1.0">
							<lines>
								<line number="32" hits="0" branch="false"/>
								<line number="33" hits="0" branch="false"/>
							</lines>
						</method>
					</methods>
					<lines>
						<line number="28" hits="0" branch="false"/>
						<line number="29" hits="0" branch="false"/>
						<line number="32" hits="0" branch="false"/>
						<line number="33" hits="0" branch="false"/>
					</lines>
				</class>
			</classes>
		</package>
		<package name="fr.ybo.opendata.rennes.modele" line-rate="0.95" branch-rate="1.0" complexity="1.1">
			<classes>
				<class name="fr.ybo.opendata.rennes.modele.Answer" filename="fr/ybo/opendata/rennes/modele/Answer.java" line-rate="1.0" branch-rate="1.0" complexity="1.3333333333333333">
					<methods>
						<method name="&lt;init&gt;" signature="()V" line-rate="1.0" branch-rate="1.0">
							<lines>
								<line number="25" hits="7" branch="false"/>
							</lines>
						</method>
						<method name="getData" signature="()Ljava/util/List;" line-rate="1.0" branch-rate="1.0">
							<lines>
								<line number="40" hits="23" branch="true" condition-coverage="100 % (2/2)">
									<conditions>
										<condition number="0" type="jump" coverage="100 %"/>
									</conditions>
								</line>
								<line number="41" hits="7" branch="false"/>
								<line number="43" hits="23" branch="false"/>
							</lines>
						</method>
						<method name="getStatus" signature="()Lfr/ybo/opendata/rennes/modele/StatusKeolis;" line-rate="1.0" branch-rate="1.0">
							<lines>
								<line number="52" hits="28" branch="false"/>
							</lines>
						</method>
						<method name="setStatus" signature="(Lfr/ybo/opendata/rennes/modele/StatusKeolis;)V" line-rate="1.0" branch-rate="1.0">
							<lines>
								<line number="61" hits="7" branch="false"/>
								<line number="62" hits="7" branch="false"/>
							</lines>
						</method>
					</methods>
					<lines>
						<line number="25" hits="7" branch="false"/>
						<line number="40" hits="23" branch="true" condition-coverage="100 % (2/2)">
							<conditions>
								<condition number="0" type="jump" coverage="100 %"/>
							</conditions>
						</line>
						<line number="41" hits="7" branch="false"/>
						<line number="43" hits="23" branch="false"/>
						<line number="52" hits="28" branch="false"/>
						<line number="61" hits="7" branch="false"/>
						<line number="62" hits="7" branch="false"/>
					</lines>
				</class>
				<class name="fr.ybo.opendata.rennes.modele.ParametreUrl" filename="fr/ybo/opendata/rennes/modele/ParametreUrl.java" line-rate="1.0" branch-rate="1.0" complexity="1.0">
					<methods>
						<method name="&lt;init&gt;" signature="(Ljava/lang/String;Ljava/lang/String;)V" line-rate="1.0" branch-rate="1.0">
							<lines>
								<line number="36" hits="1" branch="false"/>
								<line number="37" hits="1" branch="false"/>
								<line number="38" hits="1" branch="false"/>
								<line number="39" hits="1" branch="false"/>
							</lines>
						</method>
						<method name="getName" signature="()Ljava/lang/String;" line-rate="1.0" branch-rate="1.0">
							<lines>
								<line number="45" hits="1" branch="false"/>
							</lines>
						</method>
						<method name="getValue" signature="()Ljava/lang/String;" line-rate="1.0" branch-rate="1.0">
							<lines>
								<line number="52" hits="1" branch="false"/>
							</lines>
						</method>
					</methods>
					<lines>
						<line number="36" hits="1" branch="false"/>
						<line number="37" hits="1" branch="false"/>
						<line number="38" hits="1" branch="false"/>
						<line number="39" hits="1" branch="false"/>
						<line number="45" hits="1" branch="false"/>
						<line number="52" hits="1" branch="false"/>
					</lines>
				</class>
				<class name="fr.ybo.opendata.rennes.modele.StatusKeolis" filename="fr/ybo/opendata/rennes/modele/StatusKeolis.java" line-rate="0.8571428571428571" branch-rate="1.0" complexity="1.0">
					<methods>
						<method name="&lt;init&gt;" signature="()V" line-rate="1.0" branch-rate="1.0">
							<lines>
								<line number="21" hits="7" branch="false"/>
							</lines>
						</method>
						<method name="getCode" signature="()Ljava/lang/String;" line-rate="1.0" branch-rate="1.0">
							<lines>
								<line number="37" hits="7" branch="false"/>
							</lines>
						</method>
						<method name="getMessage" signature="()Ljava/lang/String;" line-rate="0.0" branch-rate="1.0">
							<lines>
								<line number="44" hits="0" branch="false"/>
							</lines>
						</method>
						<method name="setCode" signature="(Ljava/lang/String;)V" line-rate="1.0" branch-rate="1.0">
							<lines>
								<line number="51" hits="7" branch="false"/>
								<line number="52" hits="7" branch="false"/>
							</lines>
						</method>
						<method name="setMessage" signature="(Ljava/lang/String;)V" line-rate="1.0" branch-rate="1.0">
							<lines>
								<line number="58" hits="7" branch="false"/>
								<line number="59" hits="7" branch="false"/>
							</lines>
						</method>
					</methods>
					<lines>
						<line number="21" hits="7" branch="false"/>
						<line number="37" hits="7" branch="false"/>
						<line number="44" hits="0" branch="false"/>
						<line number="51" hits="7" branch="false"/>
						<line number="52" hits="7" branch="false"/>
						<line number="58" hits="7" branch="false"/>
						<line number="59" hits="7" branch="false"/>
					</lines>
				</class>
			</classes>
		</package>
		<package name="fr.ybo.opendata.rennes.modele.bus" line-rate="0.791907514450867" branch-rate="0.25" complexity="1.3623188405797102">
			<classes>
				<class name="fr.ybo.opendata.rennes.modele.bus.Alert" filename="fr/ybo/opendata/rennes/modele/bus/Alert.java" line-rate="0.5571428571428572" branch-rate="0.19444444444444445" complexity="2.2">
					<methods>
						<method name="&lt;clinit&gt;" signature="()V" line-rate="1.0" branch-rate="1.0">
							<lines>
								<line number="163" hits="1" branch="false"/>
								<line number="166" hits="1" branch="false"/>
								<line number="167" hits="1" branch="false"/>
								<line number="168" hits="1" branch="false"/>
								<line number="169" hits="1" branch="false"/>
								<line number="170" hits="1" branch="false"/>
								<line number="171" hits="1" branch="false"/>
								<line number="172" hits="1" branch="false"/>
								<line number="173" hits="1" branch="false"/>
								<line number="174" hits="1" branch="false"/>
								<line number="175" hits="1" branch="false"/>
								<line number="176" hits="1" branch="false"/>
								<line number="177" hits="1" branch="false"/>
							</lines>
						</method>
						<method name="&lt;init&gt;" signature="()V" line-rate="1.0" branch-rate="1.0">
							<lines>
								<line number="30" hits="2" branch="false"/>
							</lines>
						</method>
						<method name="getDetail" signature="()Ljava/lang/String;" line-rate="1.0" branch-rate="1.0">
							<lines>
								<line number="104" hits="1" branch="false"/>
							</lines>
						</method>
						<method name="getDetailFormatte" signature="(Ljava/lang/Iterable;)Ljava/lang/String;" line-rate="0.0" branch-rate="0.0">
							<lines>
								<line number="120" hits="0" branch="false"/>
								<line number="121" hits="0" branch="true" condition-coverage="0 % (0/2)">
									<conditions>
										<condition number="0" type="jump" coverage="0 %"/>
									</conditions>
								</line>
								<line number="122" hits="0" branch="false"/>
								<line number="123" hits="0" branch="false"/>
								<line number="125" hits="0" branch="false"/>
								<line number="126" hits="0" branch="false"/>
								<line number="127" hits="0" branch="false"/>
								<line number="130" hits="0" branch="false"/>
								<line number="131" hits="0" branch="false"/>
								<line number="132" hits="0" branch="true" condition-coverage="0 % (0/2)">
									<conditions>
										<condition number="0" type="jump" coverage="0 %"/>
									</conditions>
								</line>
								<line number="134" hits="0" branch="true" condition-coverage="0 % (0/14)">
									<conditions>
										<condition number="0" type="jump" coverage="0 %"/>
										<condition number="1" type="jump" coverage="0 %"/>
										<condition number="2" type="jump" coverage="0 %"/>
										<condition number="3" type="jump" coverage="0 %"/>
										<condition number="4" type="jump" coverage="0 %"/>
										<condition number="5" type="jump" coverage="0 %"/>
										<condition number="6" type="jump" coverage="0 %"/>
									</conditions>
								</line>
								<line number="136" hits="0" branch="false"/>
								<line number="138" hits="0" branch="false"/>
								<line number="139" hits="0" branch="false"/>
								<line number="142" hits="0" branch="false"/>
								<line number="143" hits="0" branch="true" condition-coverage="0 % (0/2)">
									<conditions>
										<condition number="0" type="jump" coverage="0 %"/>
									</conditions>
								</line>
								<line number="144" hits="0" branch="false"/>
								<line number="148" hits="0" branch="false"/>
								<line number="149" hits="0" branch="false"/>
								<line number="150" hits="0" branch="true" condition-coverage="0 % (0/2)">
									<conditions>
										<condition number="0" type="jump" coverage="0 %"/>
									</conditions>
								</line>
								<line number="151" hits="0" branch="true" condition-coverage="0 % (0/2)">
									<conditions>
										<condition number="0" type="jump" coverage="0 %"/>
									</conditions>
								</line>
								<line number="152" hits="0" branch="false"/>
								<line number="154" hits="0" branch="false"/>
								<line number="155" hits="0" branch="true" condition-coverage="0 % (0/2)">
									<conditions>
										<condition number="0" type="jump" coverage="0 %"/>
									</conditions>
								</line>
								<line number="156" hits="0" branch="false"/>
								<line number="158" hits="0" branch="false"/>
								<line number="160" hits="0" branch="false"/>
							</lines>
						</method>
						<method name="getEndtime" signature="()Ljava/lang/String;" line-rate="1.0" branch-rate="1.0">
							<lines>
								<line number="81" hits="1" branch="false"/>
							</lines>
						</method>
						<method name="getLines" signature="()Ljava/util/List;" line-rate="1.0" branch-rate="1.0">
							<lines>
								<line number="89" hits="6" branch="true" condition-coverage="100 % (2/2)">
									<conditions>
										<condition number="0" type="jump" coverage="100 %"/>
									</conditions>
								</line>
								<line number="90" hits="2" branch="false"/>
								<line number="92" hits="6" branch="false"/>
							</lines>
						</method>
						<method name="getLink" signature="()Ljava/lang/String;" line-rate="0.0" branch-rate="1.0">
							<lines>
								<line number="112" hits="0" branch="false"/>
							</lines>
						</method>
						<method name="getStarttime" signature="()Ljava/lang/String;" line-rate="1.0" branch-rate="1.0">
							<lines>
								<line number="73" hits="1" branch="false"/>
							</lines>
						</method>
						<method name="getTitle" signature="()Ljava/lang/String;" line-rate="0.0" branch-rate="1.0">
							<lines>
								<line number="65" hits="0" branch="false"/>
							</lines>
						</method>
						<method name="getTitleFormate" signature="()Ljava/lang/CharSequence;" line-rate="0.75" branch-rate="0.625">
							<lines>
								<line number="180" hits="1" branch="false"/>
								<line number="181" hits="4" branch="true" condition-coverage="75 % (3/4)">
									<conditions>
										<condition number="0" type="jump" coverage="50 %"/>
										<condition number="1" type="jump" coverage="100 %"/>
									</conditions>
								</line>
								<line number="182" hits="3" branch="false"/>
								<line number="183" hits="3" branch="true" condition-coverage="50 % (1/2)">
									<conditions>
										<condition number="0" type="jump" coverage="50 %"/>
									</conditions>
								</line>
								<line number="184" hits="0" branch="false"/>
								<line number="185" hits="3" branch="true" condition-coverage="50 % (1/2)">
									<conditions>
										<condition number="0" type="jump" coverage="50 %"/>
									</conditions>
								</line>
								<line number="186" hits="0" branch="false"/>
								<line number="189" hits="1" branch="false"/>
							</lines>
						</method>
						<method name="isMajordisturbance" signature="()Z" line-rate="1.0" branch-rate="1.0">
							<lines>
								<line number="96" hits="2" branch="false"/>
							</lines>
						</method>
						<method name="setDetail" signature="(Ljava/lang/String;)V" line-rate="1.0" branch-rate="1.0">
							<lines>
								<line number="108" hits="2" branch="false"/>
								<line number="109" hits="2" branch="false"/>
							</lines>
						</method>
						<method name="setEndtime" signature="(Ljava/lang/String;)V" line-rate="1.0" branch-rate="1.0">
							<lines>
								<line number="85" hits="2" branch="false"/>
								<line number="86" hits="2" branch="false"/>
							</lines>
						</method>
						<method name="setLink" signature="(Ljava/lang/String;)V" line-rate="1.0" branch-rate="1.0">
							<lines>
								<line number="116" hits="2" branch="false"/>
								<line number="117" hits="2" branch="false"/>
							</lines>
						</method>
						<method name="setMajordisturbance" signature="(Z)V" line-rate="1.0" branch-rate="1.0">
							<lines>
								<line number="100" hits="2" branch="false"/>
								<line number="101" hits="2" branch="false"/>
							</lines>
						</method>
						<method name="setStarttime" signature="(Ljava/lang/String;)V" line-rate="1.0" branch-rate="1.0">
							<lines>
								<line number="77" hits="2" branch="false"/>
								<line number="78" hits="2" branch="false"/>
							</lines>
						</method>
						<method name="setTitle" signature="(Ljava/lang/String;)V" line-rate="1.0" branch-rate="1.0">
							<lines>
								<line number="69" hits="2" branch="false"/>
								<line number="70" hits="2" branch="false"/>
							</lines>
						</method>
					</methods>
					<lines>
						<line number="30" hits="2" branch="false"/>
						<line number="65" hits="0" branch="false"/>
						<line number="69" hits="2" branch="false"/>
						<line number="70" hits="2" branch="false"/>
						<line number="73" hits="1" branch="false"/>
						<line number="77" hits="2" branch="false"/>
						<line number="78" hits="2" branch="false"/>
						<line number="81" hits="1" branch="false"/>
						<line number="85" hits="2" branch="false"/>
						<line number="86" hits="2" branch="false"/>
						<line number="89" hits="6" branch="true" condition-coverage="100 % (2/2)">
							<conditions>
								<condition number="0" type="jump" coverage="100 %"/>
							</conditions>
						</line>
						<line number="90" hits="2" branch="false"/>
						<line number="92" hits="6" branch="false"/>
						<line number="96" hits="2" branch="false"/>
						<line number="100" hits="2" branch="false"/>
						<line number="101" hits="2" branch="false"/>
						<line number="104" hits="1" branch="false"/>
						<line number="108" hits="2" branch="false"/>
						<line number="109" hits="2" branch="false"/>
						<line number="112" hits="0" branch="false"/>
						<line number="116" hits="2" branch="false"/>
						<line number="117" hits="2" branch="false"/>
						<line number="120" hits="0" branch="false"/>
						<line number="121" hits="0" branch="true" condition-coverage="0 % (0/2)">
							<conditions>
								<condition number="0" type="jump" coverage="0 %"/>
							</conditions>
						</line>
						<line number="122" hits="0" branch="false"/>
						<line number="123" hits="0" branch="false"/>
						<line number="125" hits="0" branch="false"/>
						<line number="126" hits="0" branch="false"/>
						<line number="127" hits="0" branch="false"/>
						<line number="130" hits="0" branch="false"/>
						<line number="131" hits="0" branch="false"/>
						<line number="132" hits="0" branch="true" condition-coverage="0 % (0/2)">
							<conditions>
								<condition number="0" type="jump" coverage="0 %"/>
							</conditions>
						</line>
						<line number="134" hits="0" branch="true" condition-coverage="0 % (0/14)">
							<conditions>
								<condition number="0" type="jump" coverage="0 %"/>
								<condition number="1" type="jump" coverage="0 %"/>
								<condition number="2" type="jump" coverage="0 %"/>
								<condition number="3" type="jump" coverage="0 %"/>
								<condition number="4" type="jump" coverage="0 %"/>
								<condition number="5" type="jump" coverage="0 %"/>
								<condition number="6" type="jump" coverage="0 %"/>
							</conditions>
						</line>
						<line number="136" hits="0" branch="false"/>
						<line number="138" hits="0" branch="false"/>
						<line number="139" hits="0" branch="false"/>
						<line number="142" hits="0" branch="false"/>
						<line number="143" hits="0" branch="true" condition-coverage="0 % (0/2)">
							<conditions>
								<condition number="0" type="jump" coverage="0 %"/>
							</conditions>
						</line>
						<line number="144" hits="0" branch="false"/>
						<line number="148" hits="0" branch="false"/>
						<line number="149" hits="0" branch="false"/>
						<line number="150" hits="0" branch="true" condition-coverage="0 % (0/2)">
							<conditions>
								<condition number="0" type="jump" coverage="0 %"/>
							</conditions>
						</line>
						<line number="151" hits="0" branch="true" condition-coverage="0 % (0/2)">
							<conditions>
								<condition number="0" type="jump" coverage="0 %"/>
							</conditions>
						</line>
						<line number="152" hits="0" branch="false"/>
						<line number="154" hits="0" branch="false"/>
						<line number="155" hits="0" branch="true" condition-coverage="0 % (0/2)">
							<conditions>
								<condition number="0" type="jump" coverage="0 %"/>
							</conditions>
						</line>
						<line number="156" hits="0" branch="false"/>
						<line number="158" hits="0" branch="false"/>
						<line number="160" hits="0" branch="false"/>
						<line number="163" hits="1" branch="false"/>
						<line number="166" hits="1" branch="false"/>
						<line number="167" hits="1" branch="false"/>
						<line number="168" hits="1" branch="false"/>
						<line number="169" hits="1" branch="false"/>
						<line number="170" hits="1" branch="false"/>
						<line number="171" hits="1" branch="false"/>
						<line number="172" hits="1" branch="false"/>
						<line number="173" hits="1" branch="false"/>
						<line number="174" hits="1" branch="false"/>
						<line number="175" hits="1" branch="false"/>
						<line number="176" hits="1" branch="false"/>
						<line number="177" hits="1" branch="false"/>
						<line number="180" hits="1" branch="false"/>
						<line number="181" hits="4" branch="true" condition-coverage="75 % (3/4)">
							<conditions>
								<condition number="0" type="jump" coverage="50 %"/>
								<condition number="1" type="jump" coverage="100 %"/>
							</conditions>
						</line>
						<line number="182" hits="3" branch="false"/>
						<line number="183" hits="3" branch="true" condition-coverage="50 % (1/2)">
							<conditions>
								<condition number="0" type="jump" coverage="50 %"/>
							</conditions>
						</line>
						<line number="184" hits="0" branch="false"/>
						<line number="185" hits="3" branch="true" condition-coverage="50 % (1/2)">
							<conditions>
								<condition number="0" type="jump" coverage="50 %"/>
							</conditions>
						</line>
						<line number="186" hits="0" branch="false"/>
						<line number="189" hits="1" branch="false"/>
					</lines>
				</class>
				<class name="fr.ybo.opendata.rennes.modele.bus.GtfsFeedInfo" filename="fr/ybo/opendata/rennes/modele/bus/GtfsFeedInfo.java" line-rate="0.6666666666666666" branch-rate="1.0" complexity="1.6666666666666667">
					<methods>
						<method name="&lt;clinit&gt;" signature="()V" line-rate="1.0" branch-rate="1.0">
							<lines>
								<line number="41" hits="1" branch="false"/>
							</lines>
						</method>
						<method name="&lt;init&gt;" signature="()V" line-rate="1.0" branch-rate="1.0">
							<lines>
								<line number="26" hits="1" branch="false"/>
							</lines>
						</method>
						<method name="getEndDate" signature="()Ljava/util/Date;" line-rate="0.3333333333333333" branch-rate="1.0">
							<lines>
								<line number="65" hits="1" branch="false"/>
								<line number="66" hits="0" branch="false"/>
								<line number="67" hits="0" branch="false"/>
							</lines>
						</method>
						<method name="getLang" signature="()Ljava/lang/String;" line-rate="1.0" branch-rate="1.0">
							<lines>
								<line number="52" hits="1" branch="false"/>
							</lines>
						</method>
						<method name="getPublisherName" signature="()Ljava/lang/String;" line-rate="1.0" branch-rate="1.0">
							<lines>
								<line number="44" hits="1" branch="false"/>
							</lines>
						</method>
						<method name="getPublisherUrl" signature="()Ljava/lang/String;" line-rate="1.0" branch-rate="1.0">
							<lines>
								<line number="48" hits="1" branch="false"/>
							</lines>
						</method>
						<method name="getStartDate" signature="()Ljava/util/Date;" line-rate="0.3333333333333333" branch-rate="1.0">
							<lines>
								<line number="57" hits="1" branch="false"/>
								<line number="58" hits="0" branch="false"/>
								<line number="59" hits="0" branch="false"/>
							</lines>
						</method>
						<method name="getVersion" signature="()Ljava/lang/String;" line-rate="1.0" branch-rate="1.0">
							<lines>
								<line number="72" hits="1" branch="false"/>
							</lines>
						</method>
					</methods>
					<lines>
						<line number="26" hits="1" branch="false"/>
						<line number="41" hits="1" branch="false"/>
						<line number="44" hits="1" branch="false"/>
						<line number="48" hits="1" branch="false"/>
						<line number="52" hits="1" branch="false"/>
						<line number="57" hits="1" branch="false"/>
						<line number="58" hits="0" branch="false"/>
						<line number="59" hits="0" branch="false"/>
						<line number="65" hits="1" branch="false"/>
						<line number="66" hits="0" branch="false"/>
						<line number="67" hits="0" branch="false"/>
						<line number="72" hits="1" branch="false"/>
					</lines>
				</class>
				<class name="fr.ybo.opendata.rennes.modele.bus.GtfsFile" filename="fr/ybo/opendata/rennes/modele/bus/GtfsFile.java" line-rate="1.0" branch-rate="1.0" complexity="1.0">
					<methods>
						<method name="&lt;init&gt;" signature="()V" line-rate="1.0" branch-rate="1.0">
							<lines>
								<line number="20" hits="3" branch="false"/>
							</lines>
						</method>
						<method name="getDate" signature="()Ljava/util/Date;" line-rate="1.0" branch-rate="1.0">
							<lines>
								<line number="27" hits="2" branch="false"/>
							</lines>
						</method>
						<method name="getUrl" signature="()Ljava/lang/String;" line-rate="1.0" branch-rate="1.0">
							<lines>
								<line number="35" hits="3" branch="false"/>
							</lines>
						</method>
						<method name="setDate" signature="(Ljava/util/Date;)V" line-rate="1.0" branch-rate="1.0">
							<lines>
								<line number="31" hits="2" branch="false"/>
								<line number="32" hits="2" branch="false"/>
							</lines>
						</method>
						<method name="setUrl" signature="(Ljava/lang/String;)V" line-rate="1.0" branch-rate="1.0">
							<lines>
								<line number="39" hits="3" branch="false"/>
								<line number="40" hits="3" branch="false"/>
							</lines>
						</method>
					</methods>
					<lines>
						<line number="20" hits="3" branch="false"/>
						<line number="27" hits="2" branch="false"/>
						<line number="31" hits="2" branch="false"/>
						<line number="32" hits="2" branch="false"/>
						<line number="35" hits="3" branch="false"/>
						<line number="39" hits="3" branch="false"/>
						<line number="40" hits="3" branch="false"/>
					</lines>
				</class>
				<class name="fr.ybo.opendata.rennes.modele.bus.LignePicto" filename="fr/ybo/opendata/rennes/modele/bus/LignePicto.java" line-rate="1.0" branch-rate="1.0" complexity="1.0">
					<methods>
						<method name="&lt;init&gt;" signature="()V" line-rate="1.0" branch-rate="1.0">
							<lines>
								<line number="17" hits="2" branch="false"/>
							</lines>
						</method>
						<method name="getName" signature="()Ljava/lang/String;" line-rate="1.0" branch-rate="1.0">
							<lines>
								<line number="24" hits="2" branch="false"/>
							</lines>
						</method>
						<method name="getPicto" signature="()Ljava/lang/String;" line-rate="1.0" branch-rate="1.0">
							<lines>
								<line number="32" hits="2" branch="false"/>
							</lines>
						</method>
						<method name="getPictoUrl" signature="()Ljava/lang/String;" line-rate="1.0" branch-rate="1.0">
							<lines>
								<line number="40" hits="2" branch="false"/>
							</lines>
						</method>
						<method name="setName" signature="(Ljava/lang/String;)V" line-rate="1.0" branch-rate="1.0">
							<lines>
								<line number="28" hits="2" branch="false"/>
								<line number="29" hits="2" branch="false"/>
							</lines>
						</method>
						<method name="setPicto" signature="(Ljava/lang/String;)V" line-rate="1.0" branch-rate="1.0">
							<lines>
								<line number="36" hits="2" branch="false"/>
								<line number="37" hits="2" branch="false"/>
							</lines>
						</method>
						<method name="setPictoUrl" signature="(Ljava/lang/String;)V" line-rate="1.0" branch-rate="1.0">
							<lines>
								<line number="44" hits="2" branch="false"/>
								<line number="45" hits="2" branch="false"/>
							</lines>
						</method>
					</methods>
					<lines>
						<line number="17" hits="2" branch="false"/>
						<line number="24" hits="2" branch="false"/>
						<line number="28" hits="2" branch="false"/>
						<line number="29" hits="2" branch="false"/>
						<line number="32" hits="2" branch="false"/>
						<line number="36" hits="2" branch="false"/>
						<line number="37" hits="2" branch="false"/>
						<line number="40" hits="2" branch="false"/>
						<line number="44" hits="2" branch="false"/>
						<line number="45" hits="2" branch="false"/>
					</lines>
				</class>
				<class name="fr.ybo.opendata.rennes.modele.bus.ParkRelai" filename="fr/ybo/opendata/rennes/modele/bus/ParkRelai.java" line-rate="1.0" branch-rate="1.0" complexity="1.0">
					<methods>
						<method name="&lt;init&gt;" signature="()V" line-rate="1.0" branch-rate="1.0">
							<lines>
								<line number="22" hits="4" branch="false"/>
							</lines>
						</method>
						<method name="getCarParkAvailable" signature="()Ljava/lang/Integer;" line-rate="1.0" branch-rate="1.0">
							<lines>
								<line number="78" hits="1" branch="false"/>
							</lines>
						</method>
						<method name="getCarParkCapacity" signature="()Ljava/lang/Integer;" line-rate="1.0" branch-rate="1.0">
							<lines>
								<line number="86" hits="1" branch="false"/>
							</lines>
						</method>
						<method name="getLastupdate" signature="()Ljava/lang/String;" line-rate="1.0" branch-rate="1.0">
							<lines>
								<line number="94" hits="1" branch="false"/>
							</lines>
						</method>
						<method name="getLatitude" signature="()D" line-rate="1.0" branch-rate="1.0">
							<lines>
								<line number="62" hits="1" branch="false"/>
							</lines>
						</method>
						<method name="getLongitude" signature="()D" line-rate="1.0" branch-rate="1.0">
							<lines>
								<line number="70" hits="1" branch="false"/>
							</lines>
						</method>
						<method name="getName" signature="()Ljava/lang/String;" line-rate="1.0" branch-rate="1.0">
							<lines>
								<line number="54" hits="1" branch="false"/>
							</lines>
						</method>
						<method name="getState" signature="()Lfr/ybo/opendata/rennes/modele/bus/StateParkRelai;" line-rate="1.0" branch-rate="1.0">
							<lines>
								<line number="102" hits="4" branch="false"/>
							</lines>
						</method>
						<method name="setCarParkAvailable" signature="(Ljava/lang/Integer;)V" line-rate="1.0" branch-rate="1.0">
							<lines>
								<line number="82" hits="4" branch="false"/>
								<line number="83" hits="4" branch="false"/>
							</lines>
						</method>
						<method name="setCarParkCapacity" signature="(Ljava/lang/Integer;)V" line-rate="1.0" branch-rate="1.0">
							<lines>
								<line number="90" hits="4" branch="false"/>
								<line number="91" hits="4" branch="false"/>
							</lines>
						</method>
						<method name="setLastupdate" signature="(Ljava/lang/String;)V" line-rate="1.0" branch-rate="1.0">
							<lines>
								<line number="98" hits="4" branch="false"/>
								<line number="99" hits="4" branch="false"/>
							</lines>
						</method>
						<method name="setLatitude" signature="(D)V" line-rate="1.0" branch-rate="1.0">
							<lines>
								<line number="66" hits="4" branch="false"/>
								<line number="67" hits="4" branch="false"/>
							</lines>
						</method>
						<method name="setLongitude" signature="(D)V" line-rate="1.0" branch-rate="1.0">
							<lines>
								<line number="74" hits="4" branch="false"/>
								<line number="75" hits="4" branch="false"/>
							</lines>
						</method>
						<method name="setName" signature="(Ljava/lang/String;)V" line-rate="1.0" branch-rate="1.0">
							<lines>
								<line number="58" hits="4" branch="false"/>
								<line number="59" hits="4" branch="false"/>
							</lines>
						</method>
						<method name="setState" signature="(Lfr/ybo/opendata/rennes/modele/bus/StateParkRelai;)V" line-rate="1.0" branch-rate="1.0">
							<lines>
								<line number="106" hits="4" branch="false"/>
								<line number="107" hits="4" branch="false"/>
							</lines>
						</method>
					</methods>
					<lines>
						<line number="22" hits="4" branch="false"/>
						<line number="54" hits="1" branch="false"/>
						<line number="58" hits="4" branch="false"/>
						<line number="59" hits="4" branch="false"/>
						<line number="62" hits="1" branch="false"/>
						<line number="66" hits="4" branch="false"/>
						<line number="67" hits="4" branch="false"/>
						<line number="70" hits="1" branch="false"/>
						<line number="74" hits="4" branch="false"/>
						<line number="75" hits="4" branch="false"/>
						<line number="78" hits="1" branch="false"/>
						<line number="82" hits="4" branch="false"/>
						<line number="83" hits="4" branch="false"/>
						<line number="86" hits="1" branch="false"/>
						<line number="90" hits="4" branch="false"/>
						<line number="91" hits="4" branch="false"/>
						<line number="94" hits="1" branch="false"/>
						<line number="98" hits="4" branch="false"/>
						<line number="99" hits="4" branch="false"/>
						<line number="102" hits="4" branch="false"/>
						<line number="106" hits="4" branch="false"/>
						<line number="107" hits="4" branch="false"/>
					</lines>
				</class>
				<class name="fr.ybo.opendata.rennes.modele.bus.PictoSize" filename="fr/ybo/opendata/rennes/modele/bus/PictoSize.java" line-rate="1.0" branch-rate="1.0" complexity="1.0">
					<methods>
						<method name="&lt;clinit&gt;" signature="()V" line-rate="1.0" branch-rate="1.0">
							<lines>
								<line number="17" hits="1" branch="false"/>
								<line number="18" hits="1" branch="false"/>
								<line number="19" hits="1" branch="false"/>
								<line number="20" hits="1" branch="false"/>
								<line number="21" hits="1" branch="false"/>
							</lines>
						</method>
						<method name="&lt;init&gt;" signature="(Ljava/lang/String;II)V" line-rate="1.0" branch-rate="1.0">
							<lines>
								<line number="25" hits="4" branch="false"/>
								<line number="26" hits="4" branch="false"/>
								<line number="27" hits="4" branch="false"/>
							</lines>
						</method>
						<method name="getSize" signature="()I" line-rate="1.0" branch-rate="1.0">
							<lines>
								<line number="30" hits="1" branch="false"/>
							</lines>
						</method>
						<method name="valueOf" signature="(Ljava/lang/String;)Lfr/ybo/opendata/rennes/modele/bus/PictoSize;" line-rate="1.0" branch-rate="1.0">
							<lines>
							</lines>
						</method>
						<method name="values" signature="()[Lfr/ybo/opendata/rennes/modele/bus/PictoSize;" line-rate="1.0" branch-rate="1.0">
							<lines>
							</lines>
						</method>
					</methods>
					<lines>
						<line number="17" hits="1" branch="false"/>
						<line number="18" hits="1" branch="false"/>
						<line number="19" hits="1" branch="false"/>
						<line number="20" hits="1" branch="false"/>
						<line number="21" hits="1" branch="false"/>
						<line number="25" hits="4" branch="false"/>
						<line number="26" hits="4" branch="false"/>
						<line number="27" hits="4" branch="false"/>
						<line number="30" hits="1" branch="false"/>
					</lines>
				</class>
				<class name="fr.ybo.opendata.rennes.modele.bus.PointDeVente" filename="fr/ybo/opendata/rennes/modele/bus/PointDeVente.java" line-rate="1.0" branch-rate="1.0" complexity="1.0">
					<methods>
						<method name="&lt;init&gt;" signature="()V" line-rate="1.0" branch-rate="1.0">
							<lines>
								<line number="24" hits="2" branch="false"/>
							</lines>
						</method>
						<method name="getAdresse" signature="()Ljava/lang/String;" line-rate="1.0" branch-rate="1.0">
							<lines>
								<line number="83" hits="1" branch="false"/>
							</lines>
						</method>
						<method name="getCodePostal" signature="()Ljava/lang/String;" line-rate="1.0" branch-rate="1.0">
							<lines>
								<line number="91" hits="1" branch="false"/>
							</lines>
						</method>
						<method name="getDistrict" signature="()Ljava/lang/String;" line-rate="1.0" branch-rate="1.0">
							<lines>
								<line number="107" hits="1" branch="false"/>
							</lines>
						</method>
						<method name="getLatitude" signature="()D" line-rate="1.0" branch-rate="1.0">
							<lines>
								<line number="131" hits="1" branch="false"/>
							</lines>
						</method>
						<method name="getLongitude" signature="()D" line-rate="1.0" branch-rate="1.0">
							<lines>
								<line number="139" hits="1" branch="false"/>
							</lines>
						</method>
						<method name="getName" signature="()Ljava/lang/String;" line-rate="1.0" branch-rate="1.0">
							<lines>
								<line number="67" hits="1" branch="false"/>
							</lines>
						</method>
						<method name="getSchedule" signature="()Ljava/lang/String;" line-rate="1.0" branch-rate="1.0">
							<lines>
								<line number="123" hits="1" branch="false"/>
							</lines>
						</method>
						<method name="getTelephone" signature="()Ljava/lang/String;" line-rate="1.0" branch-rate="1.0">
							<lines>
								<line number="115" hits="1" branch="false"/>
							</lines>
						</method>
						<method name="getType" signature="()Ljava/lang/String;" line-rate="1.0" branch-rate="1.0">
							<lines>
								<line number="75" hits="1" branch="false"/>
							</lines>
						</method>
						<method name="getVille" signature="()Ljava/lang/String;" line-rate="1.0" branch-rate="1.0">
							<lines>
								<line number="99" hits="1" branch="false"/>
							</lines>
						</method>
						<method name="setAdresse" signature="(Ljava/lang/String;)V" line-rate="1.0" branch-rate="1.0">
							<lines>
								<line number="87" hits="2" branch="false"/>
								<line number="88" hits="2" branch="false"/>
							</lines>
						</method>
						<method name="setCodePostal" signature="(Ljava/lang/String;)V" line-rate="1.0" branch-rate="1.0">
							<lines>
								<line number="95" hits="2" branch="false"/>
								<line number="96" hits="2" branch="false"/>
							</lines>
						</method>
						<method name="setDistrict" signature="(Ljava/lang/String;)V" line-rate="1.0" branch-rate="1.0">
							<lines>
								<line number="111" hits="2" branch="false"/>
								<line number="112" hits="2" branch="false"/>
							</lines>
						</method>
						<method name="setLatitude" signature="(D)V" line-rate="1.0" branch-rate="1.0">
							<lines>
								<line number="135" hits="2" branch="false"/>
								<line number="136" hits="2" branch="false"/>
							</lines>
						</method>
						<method name="setLongitude" signature="(D)V" line-rate="1.0" branch-rate="1.0">
							<lines>
								<line number="143" hits="2" branch="false"/>
								<line number="144" hits="2" branch="false"/>
							</lines>
						</method>
						<method name="setName" signature="(Ljava/lang/String;)V" line-rate="1.0" branch-rate="1.0">
							<lines>
								<line number="71" hits="2" branch="false"/>
								<line number="72" hits="2" branch="false"/>
							</lines>
						</method>
						<method name="setSchedule" signature="(Ljava/lang/String;)V" line-rate="1.0" branch-rate="1.0">
							<lines>
								<line number="127" hits="2" branch="false"/>
								<line number="128" hits="2" branch="false"/>
							</lines>
						</method>
						<method name="setTelephone" signature="(Ljava/lang/String;)V" line-rate="1.0" branch-rate="1.0">
							<lines>
								<line number="119" hits="2" branch="false"/>
								<line number="120" hits="2" branch="false"/>
							</lines>
						</method>
						<method name="setType" signature="(Ljava/lang/String;)V" line-rate="1.0" branch-rate="1.0">
							<lines>
								<line number="79" hits="2" branch="false"/>
								<line number="80" hits="2" branch="false"/>
							</lines>
						</method>
						<method name="setVille" signature="(Ljava/lang/String;)V" line-rate="1.0" branch-rate="1.0">
							<lines>
								<line number="103" hits="2" branch="false"/>
								<line number="104" hits="2" branch="false"/>
							</lines>
						</method>
					</methods>
					<lines>
						<line number="24" hits="2" branch="false"/>
						<line number="67" hits="1" branch="false"/>
						<line number="71" hits="2" branch="false"/>
						<line number="72" hits="2" branch="false"/>
						<line number="75" hits="1" branch="false"/>
						<line number="79" hits="2" branch="false"/>
						<line number="80" hits="2" branch="false"/>
						<line number="83" hits="1" branch="false"/>
						<line number="87" hits="2" branch="false"/>
						<line number="88" hits="2" branch="false"/>
						<line number="91" hits="1" branch="false"/>
						<line number="95" hits="2" branch="false"/>
						<line number="96" hits="2" branch="false"/>
						<line number="99" hits="1" branch="false"/>
						<line number="103" hits="2" branch="false"/>
						<line number="104" hits="2" branch="false"/>
						<line number="107" hits="1" branch="false"/>
						<line number="111" hits="2" branch="false"/>
						<line number="112" hits="2" branch="false"/>
						<line number="115" hits="1" branch="false"/>
						<line number="119" hits="2" branch="false"/>
						<line number="120" hits="2" branch="false"/>
						<line number="123" hits="1" branch="false"/>
						<line number="127" hits="2" branch="false"/>
						<line number="128" hits="2" branch="false"/>
						<line number="131" hits="1" branch="false"/>
						<line number="135" hits="2" branch="false"/>
						<line number="136" hits="2" branch="false"/>
						<line number="139" hits="1" branch="false"/>
						<line number="143" hits="2" branch="false"/>
						<line number="144" hits="2" branch="false"/>
					</lines>
				</class>
				<class name="fr.ybo.opendata.rennes.modele.bus.StateParkRelai" filename="fr/ybo/opendata/rennes/modele/bus/StateParkRelai.java" line-rate="0.9166666666666666" branch-rate="0.75" complexity="2.5">
					<methods>
						<method name="&lt;clinit&gt;" signature="()V" line-rate="1.0" branch-rate="1.0">
							<lines>
								<line number="17" hits="5" branch="false"/>
								<line number="18" hits="1" branch="false"/>
								<line number="19" hits="1" branch="false"/>
								<line number="20" hits="1" branch="false"/>
								<line number="21" hits="1" branch="false"/>
							</lines>
						</method>
						<method name="&lt;init&gt;" signature="(Ljava/lang/String;II)V" line-rate="1.0" branch-rate="1.0">
							<lines>
								<line number="25" hits="4" branch="false"/>
								<line number="26" hits="4" branch="false"/>
								<line number="27" hits="4" branch="false"/>
							</lines>
						</method>
						<method name="fromValue" signature="(I)Lfr/ybo/opendata/rennes/modele/bus/StateParkRelai;" line-rate="0.75" branch-rate="0.75">
							<lines>
								<line number="30" hits="10" branch="true" condition-coverage="50 % (1/2)">
									<conditions>
										<condition number="0" type="jump" coverage="50 %"/>
									</conditions>
								</line>
								<line number="31" hits="10" branch="true" condition-coverage="100 % (2/2)">
									<conditions>
										<condition number="0" type="jump" coverage="100 %"/>
									</conditions>
								</line>
								<line number="32" hits="4" branch="false"/>
								<line number="35" hits="0" branch="false"/>
							</lines>
						</method>
						<method name="valueOf" signature="(Ljava/lang/String;)Lfr/ybo/opendata/rennes/modele/bus/StateParkRelai;" line-rate="1.0" branch-rate="1.0">
							<lines>
							</lines>
						</method>
						<method name="values" signature="()[Lfr/ybo/opendata/rennes/modele/bus/StateParkRelai;" line-rate="1.0" branch-rate="1.0">
							<lines>
							</lines>
						</method>
					</methods>
					<lines>
						<line number="17" hits="5" branch="false"/>
						<line number="18" hits="1" branch="false"/>
						<line number="19" hits="1" branch="false"/>
						<line number="20" hits="1" branch="false"/>
						<line number="21" hits="1" branch="false"/>
						<line number="25" hits="4" branch="false"/>
						<line number="26" hits="4" branch="false"/>
						<line number="27" hits="4" branch="false"/>
						<line number="30" hits="10" branch="true" condition-coverage="50 % (1/2)">
							<conditions>
								<condition number="0" type="jump" coverage="50 %"/>
							</conditions>
						</line>
						<line number="31" hits="10" branch="true" condition-coverage="100 % (2/2)">
							<conditions>
								<condition number="0" type="jump" coverage="100 %"/>
							</conditions>
						</line>
						<line number="32" hits="4" branch="false"/>
						<line number="35" hits="0" branch="false"/>
					</lines>
				</class>
			</classes>
		</package>
		<package name="fr.ybo.opendata.rennes.modele.velos" line-rate="1.0" branch-rate="1.0" complexity="1.0">
			<classes>
				<class name="fr.ybo.opendata.rennes.modele.velos.Station" filename="fr/ybo/opendata/rennes/modele/velos/Station.java" line-rate="1.0" branch-rate="1.0" complexity="1.0">
					<methods>
						<method name="&lt;init&gt;" signature="()V" line-rate="1.0" branch-rate="1.0">
							<lines>
								<line number="24" hits="4" branch="false"/>
							</lines>
						</method>
						<method name="getAdresse" signature="()Ljava/lang/String;" line-rate="1.0" branch-rate="1.0">
							<lines>
								<line number="90" hits="2" branch="false"/>
							</lines>
						</method>
						<method name="getBikesavailable" signature="()I" line-rate="1.0" branch-rate="1.0">
							<lines>
								<line number="130" hits="2" branch="false"/>
							</lines>
						</method>
						<method name="getDistrict" signature="()Ljava/lang/String;" line-rate="1.0" branch-rate="1.0">
							<lines>
								<line number="146" hits="2" branch="false"/>
							</lines>
						</method>
						<method name="getLastupdate" signature="()Ljava/lang/String;" line-rate="1.0" branch-rate="1.0">
							<lines>
								<line number="154" hits="2" branch="false"/>
							</lines>
						</method>
						<method name="getLatitude" signature="()D" line-rate="1.0" branch-rate="1.0">
							<lines>
								<line number="106" hits="2" branch="false"/>
							</lines>
						</method>
						<method name="getLongitude" signature="()D" line-rate="1.0" branch-rate="1.0">
							<lines>
								<line number="114" hits="2" branch="false"/>
							</lines>
						</method>
						<method name="getName" signature="()Ljava/lang/String;" line-rate="1.0" branch-rate="1.0">
							<lines>
								<line number="82" hits="2" branch="false"/>
							</lines>
						</method>
						<method name="getNumber" signature="()Ljava/lang/String;" line-rate="1.0" branch-rate="1.0">
							<lines>
								<line number="74" hits="4" branch="false"/>
							</lines>
						</method>
						<method name="getSlotsavailable" signature="()I" line-rate="1.0" branch-rate="1.0">
							<lines>
								<line number="122" hits="2" branch="false"/>
							</lines>
						</method>
						<method name="isPos" signature="()Z" line-rate="1.0" branch-rate="1.0">
							<lines>
								<line number="138" hits="2" branch="false"/>
							</lines>
						</method>
						<method name="isState" signature="()Z" line-rate="1.0" branch-rate="1.0">
							<lines>
								<line number="98" hits="2" branch="false"/>
							</lines>
						</method>
						<method name="setAdresse" signature="(Ljava/lang/String;)V" line-rate="1.0" branch-rate="1.0">
							<lines>
								<line number="94" hits="4" branch="false"/>
								<line number="95" hits="4" branch="false"/>
							</lines>
						</method>
						<method name="setBikesavailable" signature="(I)V" line-rate="1.0" branch-rate="1.0">
							<lines>
								<line number="134" hits="4" branch="false"/>
								<line number="135" hits="4" branch="false"/>
							</lines>
						</method>
						<method name="setDistrict" signature="(Ljava/lang/String;)V" line-rate="1.0" branch-rate="1.0">
							<lines>
								<line number="150" hits="4" branch="false"/>
								<line number="151" hits="4" branch="false"/>
							</lines>
						</method>
						<method name="setLastupdate" signature="(Ljava/lang/String;)V" line-rate="1.0" branch-rate="1.0">
							<lines>
								<line number="158" hits="4" branch="false"/>
								<line number="159" hits="4" branch="false"/>
							</lines>
						</method>
						<method name="setLatitude" signature="(D)V" line-rate="1.0" branch-rate="1.0">
							<lines>
								<line number="110" hits="4" branch="false"/>
								<line number="111" hits="4" branch="false"/>
							</lines>
						</method>
						<method name="setLongitude" signature="(D)V" line-rate="1.0" branch-rate="1.0">
							<lines>
								<line number="118" hits="4" branch="false"/>
								<line number="119" hits="4" branch="false"/>
							</lines>
						</method>
						<method name="setName" signature="(Ljava/lang/String;)V" line-rate="1.0" branch-rate="1.0">
							<lines>
								<line number="86" hits="4" branch="false"/>
								<line number="87" hits="4" branch="false"/>
							</lines>
						</method>
						<method name="setNumber" signature="(Ljava/lang/String;)V" line-rate="1.0" branch-rate="1.0">
							<lines>
								<line number="78" hits="4" branch="false"/>
								<line number="79" hits="4" branch="false"/>
							</lines>
						</method>
						<method name="setPos" signature="(Z)V" line-rate="1.0" branch-rate="1.0">
							<lines>
								<line number="142" hits="4" branch="false"/>
								<line number="143" hits="4" branch="false"/>
							</lines>
						</method>
						<method name="setSlotsavailable" signature="(I)V" line-rate="1.0" branch-rate="1.0">
							<lines>
								<line number="126" hits="4" branch="false"/>
								<line number="127" hits="4" branch="false"/>
							</lines>
						</method>
						<method name="setState" signature="(Z)V" line-rate="1.0" branch-rate="1.0">
							<lines>
								<line number="102" hits="4" branch="false"/>
								<line number="103" hits="4" branch="false"/>
							</lines>
						</method>
					</methods>
					<lines>
						<line number="24" hits="4" branch="false"/>
						<line number="74" hits="4" branch="false"/>
						<line number="78" hits="4" branch="false"/>
						<line number="79" hits="4" branch="false"/>
						<line number="82" hits="2" branch="false"/>
						<line number="86" hits="4" branch="false"/>
						<line number="87" hits="4" branch="false"/>
						<line number="90" hits="2" branch="false"/>
						<line number="94" hits="4" branch="false"/>
						<line number="95" hits="4" branch="false"/>
						<line number="98" hits="2" branch="false"/>
						<line number="102" hits="4" branch="false"/>
						<line number="103" hits="4" branch="false"/>
						<line number="106" hits="2" branch="false"/>
						<line number="110" hits="4" branch="false"/>
						<line number="111" hits="4" branch="false"/>
						<line number="114" hits="2" branch="false"/>
						<line number="118" hits="4" branch="false"/>
						<line number="119" hits="4" branch="false"/>
						<line number="122" hits="2" branch="false"/>
						<line number="126" hits="4" branch="false"/>
						<line number="127" hits="4" branch="false"/>
						<line number="130" hits="2" branch="false"/>
						<line number="134" hits="4" branch="false"/>
						<line number="135" hits="4" branch="false"/>
						<line number="138" hits="2" branch="false"/>
						<line number="142" hits="4" branch="false"/>
						<line number="143" hits="4" branch="false"/>
						<line number="146" hits="2" branch="false"/>
						<line number="150" hits="4" branch="false"/>
						<line number="151" hits="4" branch="false"/>
						<line number="154" hits="2" branch="false"/>
						<line number="158" hits="4" branch="false"/>
						<line number="159" hits="4" branch="false"/>
					</lines>
				</class>
				<class name="fr.ybo.opendata.rennes.modele.velos.StationDistrict" filename="fr/ybo/opendata/rennes/modele/velos/StationDistrict.java" line-rate="1.0" branch-rate="1.0" complexity="1.0">
					<methods>
						<method name="&lt;init&gt;" signature="()V" line-rate="1.0" branch-rate="1.0">
							<lines>
								<line number="17" hits="2" branch="false"/>
							</lines>
						</method>
						<method name="getId" signature="()Ljava/lang/String;" line-rate="1.0" branch-rate="1.0">
							<lines>
								<line number="22" hits="2" branch="false"/>
							</lines>
						</method>
						<method name="getName" signature="()Ljava/lang/String;" line-rate="1.0" branch-rate="1.0">
							<lines>
								<line number="30" hits="2" branch="false"/>
							</lines>
						</method>
						<method name="setId" signature="(Ljava/lang/String;)V" line-rate="1.0" branch-rate="1.0">
							<lines>
								<line number="26" hits="2" branch="false"/>
								<line number="27" hits="2" branch="false"/>
							</lines>
						</method>
						<method name="setName" signature="(Ljava/lang/String;)V" line-rate="1.0" branch-rate="1.0">
							<lines>
								<line number="34" hits="2" branch="false"/>
								<line number="35" hits="2" branch="false"/>
							</lines>
						</method>
					</methods>
					<lines>
						<line number="17" hits="2" branch="false"/>
						<line number="22" hits="2" branch="false"/>
						<line number="26" hits="2" branch="false"/>
						<line number="27" hits="2" branch="false"/>
						<line number="30" hits="2" branch="false"/>
						<line number="34" hits="2" branch="false"/>
						<line number="35" hits="2" branch="false"/>
					</lines>
				</class>
			</classes>
		</package>
		<package name="fr.ybo.opendata.rennes.sax" line-rate="1.0" branch-rate="0.96" complexity="1.369047619047619">
			<classes>
				<class name="fr.ybo.opendata.rennes.sax.GetAlertsHandler" filename="fr/ybo/opendata/rennes/sax/GetAlertsHandler.java" line-rate="1.0" branch-rate="1.0" complexity="1.3076923076923077">
					<methods>
						<method name="&lt;init&gt;" signature="()V" line-rate="1.0" branch-rate="1.0">
							<lines>
								<line number="25" hits="1" branch="false"/>
							</lines>
						</method>
						<method name="getBaliseData" signature="()Ljava/lang/String;" line-rate="1.0" branch-rate="1.0">
							<lines>
								<line number="94" hits="45" branch="false"/>
							</lines>
						</method>
						<method name="getNewObjetKeolis" signature="()Lfr/ybo/opendata/rennes/modele/bus/Alert;" line-rate="1.0" branch-rate="1.0">
							<lines>
								<line number="99" hits="2" branch="false"/>
							</lines>
						</method>
						<method name="getNewObjetKeolis" signature="()Ljava/lang/Object;" line-rate="1.0" branch-rate="1.0">
							<lines>
								<line number="23" hits="24" branch="false"/>
							</lines>
						</method>
						<method name="remplirObjectKeolis" signature="(Lfr/ybo/opendata/rennes/modele/bus/Alert;Ljava/lang/String;Ljava/lang/String;)V" line-rate="1.0" branch-rate="1.0">
							<lines>
								<line number="104" hits="21" branch="false"/>
								<line number="105" hits="21" branch="true" condition-coverage="100 % (2/2)">
									<conditions>
										<condition number="0" type="jump" coverage="100 %"/>
									</conditions>
								</line>
								<line number="106" hits="15" branch="false"/>
								<line number="108" hits="21" branch="false"/>
							</lines>
						</method>
						<method name="remplirObjectKeolis" signature="(Ljava/lang/Object;Ljava/lang/String;Ljava/lang/String;)V" line-rate="1.0" branch-rate="1.0">
							<lines>
							</lines>
						</method>
					</methods>
					<lines>
						<line number="23" hits="24" branch="false"/>
						<line number="25" hits="1" branch="false"/>
						<line number="94" hits="45" branch="false"/>
						<line number="99" hits="2" branch="false"/>
						<line number="104" hits="21" branch="false"/>
						<line number="105" hits="21" branch="true" condition-coverage="100 % (2/2)">
							<conditions>
								<condition number="0" type="jump" coverage="100 %"/>
							</conditions>
						</line>
						<line number="106" hits="15" branch="false"/>
						<line number="108" hits="21" branch="false"/>
					</lines>
				</class>
				<class name="fr.ybo.opendata.rennes.sax.GetAlertsHandler$1" filename="fr/ybo/opendata/rennes/sax/GetAlertsHandler.java" line-rate="1.0" branch-rate="1.0" complexity="1.3076923076923077">
					<methods>
					</methods>
					<lines>
					</lines>
				</class>
				<class name="fr.ybo.opendata.rennes.sax.GetAlertsHandler$Balise" filename="fr/ybo/opendata/rennes/sax/GetAlertsHandler.java" line-rate="1.0" branch-rate="1.0" complexity="1.3076923076923077">
					<methods>
						<method name="&lt;clinit&gt;" signature="()V" line-rate="1.0" branch-rate="1.0">
							<lines>
								<line number="25" hits="29" branch="false"/>
								<line number="26" hits="1" branch="false"/>
								<line number="32" hits="1" branch="false"/>
								<line number="38" hits="1" branch="false"/>
								<line number="44" hits="1" branch="false"/>
								<line number="50" hits="1" branch="false"/>
								<line number="56" hits="1" branch="false"/>
								<line number="62" hits="1" branch="false"/>
							</lines>
						</method>
						<method name="&lt;init&gt;" signature="(Ljava/lang/String;ILjava/lang/String;)V" line-rate="1.0" branch-rate="1.0">
							<lines>
								<line number="73" hits="7" branch="false"/>
								<line number="74" hits="7" branch="false"/>
								<line number="75" hits="7" branch="false"/>
							</lines>
						</method>
						<method name="&lt;init&gt;" signature="(Ljava/lang/String;ILjava/lang/String;Lfr/ybo/opendata/rennes/sax/GetAlertsHandler$1;)V" line-rate="1.0" branch-rate="1.0">
							<lines>
							</lines>
						</method>
						<method name="fromValue" signature="(Ljava/lang/String;)Lfr/ybo/opendata/rennes/sax/GetAlertsHandler$Balise;" line-rate="1.0" branch-rate="1.0">
							<lines>
								<line number="78" hits="108" branch="true" condition-coverage="100 % (2/2)">
									<conditions>
										<condition number="0" type="jump" coverage="100 %"/>
									</conditions>
								</line>
								<line number="79" hits="102" branch="true" condition-coverage="100 % (2/2)">
									<conditions>
										<condition number="0" type="jump" coverage="100 %"/>
									</conditions>
								</line>
								<line number="80" hits="15" branch="false"/>
								<line number="83" hits="6" branch="false"/>
							</lines>
						</method>
						<method name="valueOf" signature="(Ljava/lang/String;)Lfr/ybo/opendata/rennes/sax/GetAlertsHandler$Balise;" line-rate="1.0" branch-rate="1.0">
							<lines>
							</lines>
						</method>
						<method name="values" signature="()[Lfr/ybo/opendata/rennes/sax/GetAlertsHandler$Balise;" line-rate="1.0" branch-rate="1.0">
							<lines>
							</lines>
						</method>
					</methods>
					<lines>
						<line number="25" hits="29" branch="false"/>
						<line number="26" hits="1" branch="false"/>
						<line number="32" hits="1" branch="false"/>
						<line number="38" hits="1" branch="false"/>
						<line number="44" hits="1" branch="false"/>
						<line number="50" hits="1" branch="false"/>
						<line number="56" hits="1" branch="false"/>
						<line number="62" hits="1" branch="false"/>
						<line number="73" hits="7" branch="false"/>
						<line number="74" hits="7" branch="false"/>
						<line number="75" hits="7" branch="false"/>
						<line number="78" hits="108" branch="true" condition-coverage="100 % (2/2)">
							<conditions>
								<condition number="0" type="jump" coverage="100 %"/>
							</conditions>
						</line>
						<line number="79" hits="102" branch="true" condition-coverage="100 % (2/2)">
							<conditions>
								<condition number="0" type="jump" coverage="100 %"/>
							</conditions>
						</line>
						<line number="80" hits="15" branch="false"/>
						<line number="83" hits="6" branch="false"/>
					</lines>
				</class>
				<class name="fr.ybo.opendata.rennes.sax.GetAlertsHandler$Balise$1" filename="fr/ybo/opendata/rennes/sax/GetAlertsHandler.java" line-rate="1.0" branch-rate="1.0" complexity="1.3076923076923077">
					<methods>
						<method name="&lt;init&gt;" signature="(Ljava/lang/String;ILjava/lang/String;)V" line-rate="1.0" branch-rate="1.0">
							<lines>
								<line number="26" hits="1" branch="false"/>
							</lines>
						</method>
						<method name="remplirObjectKeolis" signature="(Lfr/ybo/opendata/rennes/modele/bus/Alert;Ljava/lang/String;)V" line-rate="1.0" branch-rate="1.0">
							<lines>
								<line number="29" hits="2" branch="false"/>
								<line number="30" hits="2" branch="false"/>
							</lines>
						</method>
					</methods>
					<lines>
						<line number="26" hits="1" branch="false"/>
						<line number="29" hits="2" branch="false"/>
						<line number="30" hits="2" branch="false"/>
					</lines>
				</class>
				<class name="fr.ybo.opendata.rennes.sax.GetAlertsHandler$Balise$2" filename="fr/ybo/opendata/rennes/sax/GetAlertsHandler.java" line-rate="1.0" branch-rate="1.0" complexity="1.3076923076923077">
					<methods>
						<method name="&lt;init&gt;" signature="(Ljava/lang/String;ILjava/lang/String;)V" line-rate="1.0" branch-rate="1.0">
							<lines>
								<line number="32" hits="1" branch="false"/>
							</lines>
						</method>
						<method name="remplirObjectKeolis" signature="(Lfr/ybo/opendata/rennes/modele/bus/Alert;Ljava/lang/String;)V" line-rate="1.0" branch-rate="1.0">
							<lines>
								<line number="35" hits="2" branch="false"/>
								<line number="36" hits="2" branch="false"/>
							</lines>
						</method>
					</methods>
					<lines>
						<line number="32" hits="1" branch="false"/>
						<line number="35" hits="2" branch="false"/>
						<line number="36" hits="2" branch="false"/>
					</lines>
				</class>
				<class name="fr.ybo.opendata.rennes.sax.GetAlertsHandler$Balise$3" filename="fr/ybo/opendata/rennes/sax/GetAlertsHandler.java" line-rate="1.0" branch-rate="1.0" complexity="1.3076923076923077">
					<methods>
						<method name="&lt;init&gt;" signature="(Ljava/lang/String;ILjava/lang/String;)V" line-rate="1.0" branch-rate="1.0">
							<lines>
								<line number="38" hits="1" branch="false"/>
							</lines>
						</method>
						<method name="remplirObjectKeolis" signature="(Lfr/ybo/opendata/rennes/modele/bus/Alert;Ljava/lang/String;)V" line-rate="1.0" branch-rate="1.0">
							<lines>
								<line number="41" hits="2" branch="false"/>
								<line number="42" hits="2" branch="false"/>
							</lines>
						</method>
					</methods>
					<lines>
						<line number="38" hits="1" branch="false"/>
[...]
							</lines>
						</method>
					</methods>
					<lines>
						<line number="87" hits="1" branch="false"/>
						<line number="90" hits="4" branch="false"/>
						<line number="91" hits="4" branch="false"/>
					</lines>
				</class>
				<class name="fr.ybo.opendata.rennes.sax.GetStationHandler$Balise$2" filename="fr/ybo/opendata/rennes/sax/GetStationHandler.java" line-rate="1.0" branch-rate="1.0" complexity="1.2352941176470589">
					<methods>
						<method name="&lt;init&gt;" signature="(Ljava/lang/String;ILjava/lang/String;)V" line-rate="1.0" branch-rate="1.0">
							<lines>
								<line number="33" hits="1" branch="false"/>
							</lines>
						</method>
						<method name="remplirObjectKeolis" signature="(Lfr/ybo/opendata/rennes/modele/velos/Station;Ljava/lang/String;)V" line-rate="1.0" branch-rate="1.0">
							<lines>
								<line number="36" hits="4" branch="false"/>
								<line number="37" hits="4" branch="false"/>
							</lines>
						</method>
					</methods>
					<lines>
						<line number="33" hits="1" branch="false"/>
						<line number="36" hits="4" branch="false"/>
						<line number="37" hits="4" branch="false"/>
					</lines>
				</class>
				<class name="fr.ybo.opendata.rennes.sax.GetStationHandler$Balise$3" filename="fr/ybo/opendata/rennes/sax/GetStationHandler.java" line-rate="1.0" branch-rate="1.0" complexity="1.2352941176470589">
					<methods>
						<method name="&lt;init&gt;" signature="(Ljava/lang/String;ILjava/lang/String;)V" line-rate="1.0" branch-rate="1.0">
							<lines>
								<line number="39" hits="1" branch="false"/>
							</lines>
						</method>
						<method name="remplirObjectKeolis" signature="(Lfr/ybo/opendata/rennes/modele/velos/Station;Ljava/lang/String;)V" line-rate="1.0" branch-rate="1.0">
							<lines>
								<line number="42" hits="4" branch="false"/>
								<line number="43" hits="4" branch="false"/>
							</lines>
						</method>
					</methods>
					<lines>
						<line number="39" hits="1" branch="false"/>
						<line number="42" hits="4" branch="false"/>
						<line number="43" hits="4" branch="false"/>
					</lines>
				</class>
				<class name="fr.ybo.opendata.rennes.sax.GetStationHandler$Balise$4" filename="fr/ybo/opendata/rennes/sax/GetStationHandler.java" line-rate="1.0" branch-rate="1.0" complexity="1.2352941176470589">
					<methods>
						<method name="&lt;init&gt;" signature="(Ljava/lang/String;ILjava/lang/String;)V" line-rate="1.0" branch-rate="1.0">
							<lines>
								<line number="45" hits="1" branch="false"/>
							</lines>
						</method>
						<method name="remplirObjectKeolis" signature="(Lfr/ybo/opendata/rennes/modele/velos/Station;Ljava/lang/String;)V" line-rate="1.0" branch-rate="1.0">
							<lines>
								<line number="48" hits="4" branch="false"/>
								<line number="49" hits="4" branch="false"/>
							</lines>
						</method>
					</methods>
					<lines>
						<line number="45" hits="1" branch="false"/>
						<line number="48" hits="4" branch="false"/>
						<line number="49" hits="4" branch="false"/>
					</lines>
				</class>
				<class name="fr.ybo.opendata.rennes.sax.GetStationHandler$Balise$5" filename="fr/ybo/opendata/rennes/sax/GetStationHandler.java" line-rate="1.0" branch-rate="1.0" complexity="1.2352941176470589">
					<methods>
						<method name="&lt;init&gt;" signature="(Ljava/lang/String;ILjava/lang/String;)V" line-rate="1.0" branch-rate="1.0">
							<lines>
								<line number="51" hits="1" branch="false"/>
							</lines>
						</method>
						<method name="remplirObjectKeolis" signature="(Lfr/ybo/opendata/rennes/modele/velos/Station;Ljava/lang/String;)V" line-rate="1.0" branch-rate="1.0">
							<lines>
								<line number="54" hits="4" branch="false"/>
								<line number="55" hits="4" branch="false"/>
							</lines>
						</method>
					</methods>
					<lines>
						<line number="51" hits="1" branch="false"/>
						<line number="54" hits="4" branch="false"/>
						<line number="55" hits="4" branch="false"/>
					</lines>
				</class>
				<class name="fr.ybo.opendata.rennes.sax.GetStationHandler$Balise$6" filename="fr/ybo/opendata/rennes/sax/GetStationHandler.java" line-rate="1.0" branch-rate="1.0" complexity="1.2352941176470589">
					<methods>
						<method name="&lt;init&gt;" signature="(Ljava/lang/String;ILjava/lang/String;)V" line-rate="1.0" branch-rate="1.0">
							<lines>
								<line number="57" hits="1" branch="false"/>
							</lines>
						</method>
						<method name="remplirObjectKeolis" signature="(Lfr/ybo/opendata/rennes/modele/velos/Station;Ljava/lang/String;)V" line-rate="1.0" branch-rate="1.0">
							<lines>
								<line number="60" hits="4" branch="false"/>
								<line number="61" hits="4" branch="false"/>
							</lines>
						</method>
					</methods>
					<lines>
						<line number="57" hits="1" branch="false"/>
						<line number="60" hits="4" branch="false"/>
						<line number="61" hits="4" branch="false"/>
					</lines>
				</class>
				<class name="fr.ybo.opendata.rennes.sax.GetStationHandler$Balise$7" filename="fr/ybo/opendata/rennes/sax/GetStationHandler.java" line-rate="1.0" branch-rate="1.0" complexity="1.2352941176470589">
					<methods>
						<method name="&lt;init&gt;" signature="(Ljava/lang/String;ILjava/lang/String;)V" line-rate="1.0" branch-rate="1.0">
							<lines>
								<line number="63" hits="1" branch="false"/>
							</lines>
						</method>
						<method name="remplirObjectKeolis" signature="(Lfr/ybo/opendata/rennes/modele/velos/Station;Ljava/lang/String;)V" line-rate="1.0" branch-rate="1.0">
							<lines>
								<line number="66" hits="4" branch="false"/>
								<line number="67" hits="4" branch="false"/>
							</lines>
						</method>
					</methods>
					<lines>
						<line number="63" hits="1" branch="false"/>
						<line number="66" hits="4" branch="false"/>
						<line number="67" hits="4" branch="false"/>
					</lines>
				</class>
				<class name="fr.ybo.opendata.rennes.sax.GetStationHandler$Balise$8" filename="fr/ybo/opendata/rennes/sax/GetStationHandler.java" line-rate="1.0" branch-rate="1.0" complexity="1.2352941176470589">
					<methods>
						<method name="&lt;init&gt;" signature="(Ljava/lang/String;ILjava/lang/String;)V" line-rate="1.0" branch-rate="1.0">
							<lines>
								<line number="69" hits="1" branch="false"/>
							</lines>
						</method>
						<method name="remplirObjectKeolis" signature="(Lfr/ybo/opendata/rennes/modele/velos/Station;Ljava/lang/String;)V" line-rate="1.0" branch-rate="1.0">
							<lines>
								<line number="72" hits="4" branch="false"/>
								<line number="73" hits="4" branch="false"/>
							</lines>
						</method>
					</methods>
					<lines>
						<line number="69" hits="1" branch="false"/>
						<line number="72" hits="4" branch="false"/>
						<line number="73" hits="4" branch="false"/>
					</lines>
				</class>
				<class name="fr.ybo.opendata.rennes.sax.GetStationHandler$Balise$9" filename="fr/ybo/opendata/rennes/sax/GetStationHandler.java" line-rate="1.0" branch-rate="1.0" complexity="1.2352941176470589">
					<methods>
						<method name="&lt;init&gt;" signature="(Ljava/lang/String;ILjava/lang/String;)V" line-rate="1.0" branch-rate="1.0">
							<lines>
								<line number="75" hits="1" branch="false"/>
							</lines>
						</method>
						<method name="remplirObjectKeolis" signature="(Lfr/ybo/opendata/rennes/modele/velos/Station;Ljava/lang/String;)V" line-rate="1.0" branch-rate="1.0">
							<lines>
								<line number="78" hits="4" branch="false"/>
								<line number="79" hits="4" branch="false"/>
							</lines>
						</method>
					</methods>
					<lines>
						<line number="75" hits="1" branch="false"/>
						<line number="78" hits="4" branch="false"/>
						<line number="79" hits="4" branch="false"/>
					</lines>
				</class>
				<class name="fr.ybo.opendata.rennes.sax.KeolisHandler" filename="fr/ybo/opendata/rennes/sax/KeolisHandler.java" line-rate="1.0" branch-rate="0.8571428571428571" complexity="1.875">
					<methods>
						<method name="&lt;init&gt;" signature="()V" line-rate="1.0" branch-rate="1.0">
							<lines>
								<line number="28" hits="7" branch="false"/>
							</lines>
						</method>
						<method name="characters" signature="([CII)V" line-rate="1.0" branch-rate="1.0">
							<lines>
								<line number="65" hits="367" branch="false"/>
								<line number="66" hits="367" branch="false"/>
								<line number="67" hits="367" branch="false"/>
							</lines>
						</method>
						<method name="endElement" signature="(Ljava/lang/String;Ljava/lang/String;Ljava/lang/String;)V" line-rate="1.0" branch-rate="0.75">
							<lines>
								<line number="71" hits="169" branch="false"/>
								<line number="72" hits="169" branch="true" condition-coverage="100 % (2/2)">
									<conditions>
										<condition number="0" type="jump" coverage="100 %"/>
									</conditions>
								</line>
								<line number="73" hits="162" branch="true" condition-coverage="100 % (2/2)">
									<conditions>
										<condition number="0" type="jump" coverage="100 %"/>
									</conditions>
								</line>
								<line number="74" hits="16" branch="false"/>
								<line number="76" hits="146" branch="true" condition-coverage="50 % (1/2)">
									<conditions>
										<condition number="0" type="jump" coverage="50 %"/>
									</conditions>
								</line>
								<line number="77" hits="146" branch="false"/>
								<line number="80" hits="162" branch="true" condition-coverage="50 % (1/2)">
									<conditions>
										<condition number="0" type="jump" coverage="50 %"/>
									</conditions>
								</line>
								<line number="81" hits="162" branch="false"/>
								<line number="84" hits="169" branch="false"/>
							</lines>
						</method>
						<method name="getAnswer" signature="()Lfr/ybo/opendata/rennes/modele/Answer;" line-rate="1.0" branch-rate="1.0">
							<lines>
								<line number="92" hits="7" branch="false"/>
							</lines>
						</method>
						<method name="startDocument" signature="()V" line-rate="1.0" branch-rate="1.0">
							<lines>
								<line number="120" hits="7" branch="false"/>
								<line number="121" hits="7" branch="false"/>
								<line number="122" hits="7" branch="false"/>
							</lines>
						</method>
						<method name="startElement" signature="(Ljava/lang/String;Ljava/lang/String;Ljava/lang/String;Lorg/xml/sax/Attributes;)V" line-rate="1.0" branch-rate="1.0">
							<lines>
								<line number="126" hits="169" branch="false"/>
								<line number="127" hits="169" branch="true" condition-coverage="100 % (2/2)">
									<conditions>
										<condition number="0" type="jump" coverage="100 %"/>
									</conditions>
								</line>
								<line number="128" hits="7" branch="false"/>
								<line number="129" hits="162" branch="true" condition-coverage="100 % (2/2)">
									<conditions>
										<condition number="0" type="jump" coverage="100 %"/>
									</conditions>
								</line>
								<line number="130" hits="7" branch="false"/>
								<line number="131" hits="7" branch="false"/>
								<line number="132" hits="7" branch="false"/>
								<line number="133" hits="155" branch="true" condition-coverage="100 % (2/2)">
									<conditions>
										<condition number="0" type="jump" coverage="100 %"/>
									</conditions>
								</line>
								<line number="134" hits="16" branch="false"/>
								<line number="136" hits="169" branch="false"/>
								<line number="137" hits="169" branch="false"/>
							</lines>
						</method>
					</methods>
					<lines>
						<line number="28" hits="7" branch="false"/>
						<line number="65" hits="367" branch="false"/>
						<line number="66" hits="367" branch="false"/>
						<line number="67" hits="367" branch="false"/>
						<line number="71" hits="169" branch="false"/>
						<line number="72" hits="169" branch="true" condition-coverage="100 % (2/2)">
							<conditions>
								<condition number="0" type="jump" coverage="100 %"/>
							</conditions>
						</line>
						<line number="73" hits="162" branch="true" condition-coverage="100 % (2/2)">
							<conditions>
								<condition number="0" type="jump" coverage="100 %"/>
							</conditions>
						</line>
						<line number="74" hits="16" branch="false"/>
						<line number="76" hits="146" branch="true" condition-coverage="50 % (1/2)">
							<conditions>
								<condition number="0" type="jump" coverage="50 %"/>
							</conditions>
						</line>
						<line number="77" hits="146" branch="false"/>
						<line number="80" hits="162" branch="true" condition-coverage="50 % (1/2)">
							<conditions>
								<condition number="0" type="jump" coverage="50 %"/>
							</conditions>
						</line>
						<line number="81" hits="162" branch="false"/>
						<line number="84" hits="169" branch="false"/>
						<line number="92" hits="7" branch="false"/>
						<line number="120" hits="7" branch="false"/>
						<line number="121" hits="7" branch="false"/>
						<line number="122" hits="7" branch="false"/>
						<line number="126" hits="169" branch="false"/>
						<line number="127" hits="169" branch="true" condition-coverage="100 % (2/2)">
							<conditions>
								<condition number="0" type="jump" coverage="100 %"/>
							</conditions>
						</line>
						<line number="128" hits="7" branch="false"/>
						<line number="129" hits="162" branch="true" condition-coverage="100 % (2/2)">
							<conditions>
								<condition number="0" type="jump" coverage="100 %"/>
							</conditions>
						</line>
						<line number="130" hits="7" branch="false"/>
						<line number="131" hits="7" branch="false"/>
						<line number="132" hits="7" branch="false"/>
						<line number="133" hits="155" branch="true" condition-coverage="100 % (2/2)">
							<conditions>
								<condition number="0" type="jump" coverage="100 %"/>
							</conditions>
						</line>
						<line number="134" hits="16" branch="false"/>
						<line number="136" hits="169" branch="false"/>
						<line number="137" hits="169" branch="false"/>
					</lines>
				</class>
			</classes>
		</package>
		<package name="fr.ybo.opendata.rennes.util" line-rate="0.5769230769230769" branch-rate="0.6666666666666666" complexity="3.25">
			<classes>
				<class name="fr.ybo.opendata.rennes.util.Connecteur" filename="fr/ybo/opendata/rennes/util/Connecteur.java" line-rate="1.0" branch-rate="1.0" complexity="1.0">
					<methods>
					</methods>
					<lines>
					</lines>
				</class>
				<class name="fr.ybo.opendata.rennes.util.Formatteur" filename="fr/ybo/opendata/rennes/util/Formatteur.java" line-rate="0.7777777777777778" branch-rate="0.6666666666666666" complexity="4.0">
					<methods>
						<method name="&lt;init&gt;" signature="()V" line-rate="0.0" branch-rate="1.0">
							<lines>
								<line number="18" hits="0" branch="false"/>
								<line number="19" hits="0" branch="false"/>
							</lines>
						</method>
						<method name="formatterChaine" signature="(Ljava/lang/String;)Ljava/lang/String;" line-rate="0.875" branch-rate="0.6666666666666666">
							<lines>
								<line number="22" hits="1" branch="false"/>
								<line number="23" hits="4" branch="true" condition-coverage="100 % (2/2)">
									<conditions>
										<condition number="0" type="jump" coverage="100 %"/>
									</conditions>
								</line>
								<line number="24" hits="6" branch="true" condition-coverage="100 % (2/2)">
									<conditions>
										<condition number="0" type="jump" coverage="100 %"/>
									</conditions>
								</line>
								<line number="25" hits="3" branch="true" condition-coverage="50 % (1/2)">
									<conditions>
										<condition number="0" type="jump" coverage="50 %"/>
									</conditions>
								</line>
								<line number="26" hits="3" branch="false"/>
								<line number="27" hits="3" branch="false"/>
								<line number="29" hits="3" branch="false"/>
								<line number="32" hits="3" branch="false"/>
								<line number="33" hits="3" branch="false"/>
								<line number="36" hits="1" branch="false"/>
								<line number="37" hits="1" branch="false"/>
								<line number="38" hits="1" branch="true" condition-coverage="50 % (1/2)">
									<conditions>
										<condition number="0" type="jump" coverage="50 %"/>
									</conditions>
								</line>
								<line number="39" hits="0" branch="false"/>
								<line number="41" hits="1" branch="true" condition-coverage="50 % (2/4)">
									<conditions>
										<condition number="0" type="jump" coverage="50 %"/>
										<condition number="1" type="jump" coverage="50 %"/>
									</conditions>
								</line>
								<line number="42" hits="0" branch="false"/>
								<line number="44" hits="1" branch="false"/>
							</lines>
						</method>
					</methods>
					<lines>
						<line number="18" hits="0" branch="false"/>
						<line number="19" hits="0" branch="false"/>
						<line number="22" hits="1" branch="false"/>
						<line number="23" hits="4" branch="true" condition-coverage="100 % (2/2)">
							<conditions>
								<condition number="0" type="jump" coverage="100 %"/>
							</conditions>
						</line>
						<line number="24" hits="6" branch="true" condition-coverage="100 % (2/2)">
							<conditions>
								<condition number="0" type="jump" coverage="100 %"/>
							</conditions>
						</line>
						<line number="25" hits="3" branch="true" condition-coverage="50 % (1/2)">
							<conditions>
								<condition number="0" type="jump" coverage="50 %"/>
							</conditions>
						</line>
						<line number="26" hits="3" branch="false"/>
						<line number="27" hits="3" branch="false"/>
						<line number="29" hits="3" branch="false"/>
						<line number="32" hits="3" branch="false"/>
						<line number="33" hits="3" branch="false"/>
						<line number="36" hits="1" branch="false"/>
						<line number="37" hits="1" branch="false"/>
						<line number="38" hits="1" branch="true" condition-coverage="50 % (1/2)">
							<conditions>
								<condition number="0" type="jump" coverage="50 %"/>
							</conditions>
						</line>
						<line number="39" hits="0" branch="false"/>
						<line number="41" hits="1" branch="true" condition-coverage="50 % (2/4)">
							<conditions>
								<condition number="0" type="jump" coverage="50 %"/>
								<condition number="1" type="jump" coverage="50 %"/>
							</conditions>
						</line>
						<line number="42" hits="0" branch="false"/>
						<line number="44" hits="1" branch="false"/>
					</lines>
				</class>
				<class name="fr.ybo.opendata.rennes.util.HttpConnecteur" filename="fr/ybo/opendata/rennes/util/HttpConnecteur.java" line-rate="0.125" branch-rate="1.0" complexity="4.0">
					<methods>
						<method name="&lt;init&gt;" signature="()V" line-rate="1.0" branch-rate="1.0">
							<lines>
								<line number="25" hits="9" branch="false"/>
							</lines>
						</method>
						<method name="openInputStream" signature="(Ljava/lang/String;)Ljava/io/InputStream;" line-rate="0.0" branch-rate="1.0">
							<lines>
								<line number="29" hits="0" branch="false"/>
								<line number="30" hits="0" branch="false"/>
								<line number="31" hits="0" branch="false"/>
								<line number="32" hits="0" branch="false"/>
								<line number="33" hits="0" branch="false"/>
								<line number="34" hits="0" branch="false"/>
								<line number="35" hits="0" branch="false"/>
							</lines>
						</method>
					</methods>
					<lines>
						<line number="25" hits="9" branch="false"/>
						<line number="29" hits="0" branch="false"/>
						<line number="30" hits="0" branch="false"/>
						<line number="31" hits="0" branch="false"/>
						<line number="32" hits="0" branch="false"/>
						<line number="33" hits="0" branch="false"/>
						<line number="34" hits="0" branch="false"/>
						<line number="35" hits="0" branch="false"/>
					</lines>
				</class>
			</classes>
		</package>
	</packages>
</coverage>
